{"/Users/abs/Documents/github/httpuppy/lib/index.js":{"path":"/Users/abs/Documents/github/httpuppy/lib/index.js","statementMap":{"0":{"start":{"line":2,"column":22},"end":{"line":14,"column":3}},"1":{"start":{"line":3,"column":4},"end":{"line":4,"column":15}},"2":{"start":{"line":4,"column":8},"end":{"line":4,"column":15}},"3":{"start":{"line":5,"column":15},"end":{"line":5,"column":52}},"4":{"start":{"line":6,"column":4},"end":{"line":8,"column":5}},"5":{"start":{"line":7,"column":8},"end":{"line":7,"column":71}},"6":{"start":{"line":7,"column":54},"end":{"line":7,"column":66}},"7":{"start":{"line":9,"column":4},"end":{"line":9,"column":39}},"8":{"start":{"line":11,"column":4},"end":{"line":12,"column":15}},"9":{"start":{"line":12,"column":8},"end":{"line":12,"column":15}},"10":{"start":{"line":13,"column":4},"end":{"line":13,"column":17}},"11":{"start":{"line":15,"column":19},"end":{"line":19,"column":1}},"12":{"start":{"line":16,"column":4},"end":{"line":18,"column":43}},"13":{"start":{"line":17,"column":8},"end":{"line":18,"column":43}},"14":{"start":{"line":18,"column":12},"end":{"line":18,"column":43}},"15":{"start":{"line":20,"column":0},"end":{"line":20,"column":26}},"16":{"start":{"line":21,"column":0},"end":{"line":21,"column":43}},"17":{"start":{"line":22,"column":0},"end":{"line":22,"column":43}}},"fnMap":{"0":{"name":"(anonymous_0)","decl":{"start":{"line":2,"column":74},"end":{"line":2,"column":75}},"loc":{"start":{"line":2,"column":97},"end":{"line":10,"column":1}},"line":2},"1":{"name":"(anonymous_1)","decl":{"start":{"line":7,"column":40},"end":{"line":7,"column":41}},"loc":{"start":{"line":7,"column":52},"end":{"line":7,"column":68}},"line":7},"2":{"name":"(anonymous_2)","decl":{"start":{"line":10,"column":6},"end":{"line":10,"column":7}},"loc":{"start":{"line":10,"column":29},"end":{"line":14,"column":1}},"line":10},"3":{"name":"(anonymous_3)","decl":{"start":{"line":15,"column":50},"end":{"line":15,"column":51}},"loc":{"start":{"line":15,"column":72},"end":{"line":19,"column":1}},"line":15}},"branchMap":{"0":{"loc":{"start":{"line":2,"column":22},"end":{"line":14,"column":3}},"type":"binary-expr","locations":[{"start":{"line":2,"column":23},"end":{"line":2,"column":27}},{"start":{"line":2,"column":31},"end":{"line":2,"column":51}},{"start":{"line":2,"column":57},"end":{"line":14,"column":2}}],"line":2},"1":{"loc":{"start":{"line":2,"column":57},"end":{"line":14,"column":2}},"type":"cond-expr","locations":[{"start":{"line":2,"column":74},"end":{"line":10,"column":1}},{"start":{"line":10,"column":6},"end":{"line":14,"column":1}}],"line":2},"2":{"loc":{"start":{"line":3,"column":4},"end":{"line":4,"column":15}},"type":"if","locations":[{"start":{"line":3,"column":4},"end":{"line":4,"column":15}},{"start":{"line":3,"column":4},"end":{"line":4,"column":15}}],"line":3},"3":{"loc":{"start":{"line":6,"column":4},"end":{"line":8,"column":5}},"type":"if","locations":[{"start":{"line":6,"column":4},"end":{"line":8,"column":5}},{"start":{"line":6,"column":4},"end":{"line":8,"column":5}}],"line":6},"4":{"loc":{"start":{"line":6,"column":8},"end":{"line":6,"column":85}},"type":"binary-expr","locations":[{"start":{"line":6,"column":8},"end":{"line":6,"column":13}},{"start":{"line":6,"column":18},"end":{"line":6,"column":84}}],"line":6},"5":{"loc":{"start":{"line":6,"column":18},"end":{"line":6,"column":84}},"type":"cond-expr","locations":[{"start":{"line":6,"column":34},"end":{"line":6,"column":47}},{"start":{"line":6,"column":50},"end":{"line":6,"column":84}}],"line":6},"6":{"loc":{"start":{"line":6,"column":50},"end":{"line":6,"column":84}},"type":"binary-expr","locations":[{"start":{"line":6,"column":50},"end":{"line":6,"column":63}},{"start":{"line":6,"column":67},"end":{"line":6,"column":84}}],"line":6},"7":{"loc":{"start":{"line":11,"column":4},"end":{"line":12,"column":15}},"type":"if","locations":[{"start":{"line":11,"column":4},"end":{"line":12,"column":15}},{"start":{"line":11,"column":4},"end":{"line":12,"column":15}}],"line":11},"8":{"loc":{"start":{"line":15,"column":19},"end":{"line":19,"column":1}},"type":"binary-expr","locations":[{"start":{"line":15,"column":20},"end":{"line":15,"column":24}},{"start":{"line":15,"column":28},"end":{"line":15,"column":45}},{"start":{"line":15,"column":50},"end":{"line":19,"column":1}}],"line":15},"9":{"loc":{"start":{"line":17,"column":8},"end":{"line":18,"column":43}},"type":"if","locations":[{"start":{"line":17,"column":8},"end":{"line":18,"column":43}},{"start":{"line":17,"column":8},"end":{"line":18,"column":43}}],"line":17},"10":{"loc":{"start":{"line":17,"column":12},"end":{"line":17,"column":80}},"type":"binary-expr","locations":[{"start":{"line":17,"column":12},"end":{"line":17,"column":27}},{"start":{"line":17,"column":31},"end":{"line":17,"column":80}}],"line":17}},"s":{"0":1,"1":2,"2":2,"3":2,"4":2,"5":2,"6":4,"7":2,"8":0,"9":0,"10":0,"11":1,"12":2,"13":4,"14":2,"15":1,"16":1,"17":1},"f":{"0":2,"1":4,"2":0,"3":2},"b":{"0":[1,1,1],"1":[1,0],"2":[2,0],"3":[2,0],"4":[2,2],"5":[0,2],"6":[2,0],"7":[0,0],"8":[1,1,1],"9":[2,2],"10":[4,4]},"inputSourceMap":{"version":3,"file":"/Users/abs/Documents/github/httpuppy/lib/index.js","sources":["/Users/abs/Documents/github/httpuppy/lib/index.js"],"names":[],"mappings":"AAAA,YAAY,CAAC;AACb,IAAI,eAAe,GAAG,CAAC,IAAI,IAAI,IAAI,CAAC,eAAe,CAAC,IAAI,CAAC,MAAM,CAAC,MAAM,CAAC,CAAC,CAAC,CAAC,UAAS,CAAC,EAAE,CAAC,EAAE,CAAC,EAAE,EAAE;IAC1F,IAAI,EAAE,KAAK,SAAS;QAAE,EAAE,GAAG,CAAC,CAAC;IAC7B,IAAI,IAAI,GAAG,MAAM,CAAC,wBAAwB,CAAC,CAAC,EAAE,CAAC,CAAC,CAAC;IACjD,IAAI,CAAC,IAAI,IAAI,CAAC,KAAK,IAAI,IAAI,CAAC,CAAC,CAAC,CAAC,CAAC,CAAC,UAAU,CAAC,CAAC,CAAC,IAAI,CAAC,QAAQ,IAAI,IAAI,CAAC,YAAY,CAAC,EAAE;QACjF,IAAI,GAAG,EAAE,UAAU,EAAE,IAAI,EAAE,GAAG,EAAE,cAAa,OAAO,CAAC,CAAC,CAAC,CAAC,CAAC,CAAC,CAAC,EAAE,CAAC;KAC/D;IACD,MAAM,CAAC,cAAc,CAAC,CAAC,EAAE,EAAE,EAAE,IAAI,CAAC,CAAC;AACvC,CAAC,CAAC,CAAC,CAAC,CAAC,CAAC,UAAS,CAAC,EAAE,CAAC,EAAE,CAAC,EAAE,EAAE;IACtB,IAAI,EAAE,KAAK,SAAS;QAAE,EAAE,GAAG,CAAC,CAAC;IAC7B,CAAC,CAAC,EAAE,CAAC,GAAG,CAAC,CAAC,CAAC,CAAC,CAAC;AACjB,CAAC,CAAC,CAAC,CAAC;AACJ,IAAI,YAAY,GAAG,CAAC,IAAI,IAAI,IAAI,CAAC,YAAY,CAAC,IAAI,UAAS,CAAC,EAAE,OAAO;IACjE,KAAK,IAAI,CAAC,IAAI,CAAC;QAAE,IAAI,CAAC,KAAK,SAAS,IAAI,CAAC,MAAM,CAAC,SAAS,CAAC,cAAc,CAAC,IAAI,CAAC,OAAO,EAAE,CAAC,CAAC;YAAE,eAAe,CAAC,OAAO,EAAE,CAAC,EAAE,CAAC,CAAC,CAAC;AAC9H,CAAC,CAAC;AACF,OAAO,CAAC,UAAU,GAAG,IAAI,CAAC;AAC1B,YAAY,CAAC,OAAO,CAAC,UAAU,CAAC,EAAE,OAAO,CAAC,CAAC;AAC3C,YAAY,CAAC,OAAO,CAAC,UAAU,CAAC,EAAE,OAAO,CAAC,CAAC","sourcesContent":["\"use strict\";\nvar __createBinding = (this && this.__createBinding) || (Object.create ? (function(o, m, k, k2) {\n    if (k2 === undefined) k2 = k;\n    var desc = Object.getOwnPropertyDescriptor(m, k);\n    if (!desc || (\"get\" in desc ? !m.__esModule : desc.writable || desc.configurable)) {\n      desc = { enumerable: true, get: function() { return m[k]; } };\n    }\n    Object.defineProperty(o, k2, desc);\n}) : (function(o, m, k, k2) {\n    if (k2 === undefined) k2 = k;\n    o[k2] = m[k];\n}));\nvar __exportStar = (this && this.__exportStar) || function(m, exports) {\n    for (var p in m) if (p !== \"default\" && !Object.prototype.hasOwnProperty.call(exports, p)) __createBinding(exports, m, p);\n};\nexports.__esModule = true;\n__exportStar(require(\"./server\"), exports);\n__exportStar(require(\"./router\"), exports);\n"]},"_coverageSchema":"1a1c01bbd47fc00a2c39e90264f33305004495a9","hash":"67065649b50e329efae6f98e849a582fb55bb206","contentHash":"a42e256a152921b7f21369d7f62d5e726345c412dad5aaad977a404ba49af4bf"},"/Users/abs/Documents/github/httpuppy/lib/server.js":{"path":"/Users/abs/Documents/github/httpuppy/lib/server.js","statementMap":{"0":{"start":{"line":2,"column":0},"end":{"line":2,"column":26}},"1":{"start":{"line":3,"column":0},"end":{"line":3,"column":27}},"2":{"start":{"line":8,"column":13},"end":{"line":8,"column":28}},"3":{"start":{"line":9,"column":14},"end":{"line":9,"column":30}},"4":{"start":{"line":10,"column":15},"end":{"line":10,"column":43}},"5":{"start":{"line":11,"column":16},"end":{"line":11,"column":52}},"6":{"start":{"line":12,"column":13},"end":{"line":12,"column":39}},"7":{"start":{"line":13,"column":18},"end":{"line":13,"column":49}},"8":{"start":{"line":14,"column":15},"end":{"line":14,"column":43}},"9":{"start":{"line":15,"column":17},"end":{"line":15,"column":38}},"10":{"start":{"line":32,"column":4},"end":{"line":32,"column":78}},"11":{"start":{"line":33,"column":22},"end":{"line":33,"column":24}},"12":{"start":{"line":34,"column":17},"end":{"line":34,"column":59}},"13":{"start":{"line":36,"column":18},"end":{"line":36,"column":232}},"14":{"start":{"line":38,"column":17},"end":{"line":38,"column":72}},"15":{"start":{"line":40,"column":4},"end":{"line":41,"column":49}},"16":{"start":{"line":41,"column":8},"end":{"line":41,"column":49}},"17":{"start":{"line":43,"column":4},"end":{"line":44,"column":50}},"18":{"start":{"line":44,"column":8},"end":{"line":44,"column":50}},"19":{"start":{"line":46,"column":4},"end":{"line":46,"column":81}},"20":{"start":{"line":46,"column":37},"end":{"line":46,"column":78}},"21":{"start":{"line":48,"column":4},"end":{"line":50,"column":5}},"22":{"start":{"line":49,"column":8},"end":{"line":49,"column":50}},"23":{"start":{"line":51,"column":4},"end":{"line":51,"column":18}},"24":{"start":{"line":53,"column":0},"end":{"line":53,"column":30}}},"fnMap":{"0":{"name":"useServer","decl":{"start":{"line":29,"column":9},"end":{"line":29,"column":18}},"loc":{"start":{"line":30,"column":2},"end":{"line":52,"column":1}},"line":30},"1":{"name":"(anonymous_1)","decl":{"start":{"line":46,"column":23},"end":{"line":46,"column":24}},"loc":{"start":{"line":46,"column":35},"end":{"line":46,"column":80}},"line":46}},"branchMap":{"0":{"loc":{"start":{"line":32,"column":24},"end":{"line":32,"column":76}},"type":"cond-expr","locations":[{"start":{"line":32,"column":69},"end":{"line":32,"column":71}},{"start":{"line":32,"column":74},"end":{"line":32,"column":76}}],"line":32},"1":{"loc":{"start":{"line":32,"column":24},"end":{"line":32,"column":66}},"type":"binary-expr","locations":[{"start":{"line":32,"column":24},"end":{"line":32,"column":49}},{"start":{"line":32,"column":53},"end":{"line":32,"column":66}}],"line":32},"2":{"loc":{"start":{"line":36,"column":18},"end":{"line":36,"column":232}},"type":"cond-expr","locations":[{"start":{"line":36,"column":32},"end":{"line":36,"column":141}},{"start":{"line":36,"column":144},"end":{"line":36,"column":232}}],"line":36},"3":{"loc":{"start":{"line":36,"column":78},"end":{"line":36,"column":140}},"type":"cond-expr","locations":[{"start":{"line":36,"column":117},"end":{"line":36,"column":123}},{"start":{"line":36,"column":126},"end":{"line":36,"column":140}}],"line":36},"4":{"loc":{"start":{"line":36,"column":78},"end":{"line":36,"column":114}},"type":"binary-expr","locations":[{"start":{"line":36,"column":78},"end":{"line":36,"column":93}},{"start":{"line":36,"column":97},"end":{"line":36,"column":114}}],"line":36},"5":{"loc":{"start":{"line":36,"column":169},"end":{"line":36,"column":231}},"type":"cond-expr","locations":[{"start":{"line":36,"column":208},"end":{"line":36,"column":214}},{"start":{"line":36,"column":217},"end":{"line":36,"column":231}}],"line":36},"6":{"loc":{"start":{"line":36,"column":169},"end":{"line":36,"column":205}},"type":"binary-expr","locations":[{"start":{"line":36,"column":169},"end":{"line":36,"column":184}},{"start":{"line":36,"column":188},"end":{"line":36,"column":205}}],"line":36},"7":{"loc":{"start":{"line":40,"column":4},"end":{"line":41,"column":49}},"type":"if","locations":[{"start":{"line":40,"column":4},"end":{"line":41,"column":49}},{"start":{"line":40,"column":4},"end":{"line":41,"column":49}}],"line":40},"8":{"loc":{"start":{"line":43,"column":4},"end":{"line":44,"column":50}},"type":"if","locations":[{"start":{"line":43,"column":4},"end":{"line":44,"column":50}},{"start":{"line":43,"column":4},"end":{"line":44,"column":50}}],"line":43},"9":{"loc":{"start":{"line":43,"column":8},"end":{"line":43,"column":50}},"type":"binary-expr","locations":[{"start":{"line":43,"column":8},"end":{"line":43,"column":16}},{"start":{"line":43,"column":20},"end":{"line":43,"column":50}}],"line":43},"10":{"loc":{"start":{"line":48,"column":4},"end":{"line":50,"column":5}},"type":"if","locations":[{"start":{"line":48,"column":4},"end":{"line":50,"column":5}},{"start":{"line":48,"column":4},"end":{"line":50,"column":5}}],"line":48}},"s":{"0":1,"1":1,"2":1,"3":1,"4":1,"5":1,"6":1,"7":1,"8":1,"9":1,"10":2,"11":2,"12":2,"13":2,"14":2,"15":2,"16":2,"17":2,"18":0,"19":2,"20":2,"21":2,"22":2,"23":2,"24":1},"f":{"0":2,"1":2},"b":{"0":[1,1],"1":[2,2],"2":[0,2],"3":[0,0],"4":[0,0],"5":[0,2],"6":[2,2],"7":[2,0],"8":[0,2],"9":[2,0],"10":[2,0]},"inputSourceMap":{"version":3,"file":"/Users/abs/Documents/github/httpuppy/lib/server.js","sources":["/Users/abs/Documents/github/httpuppy/lib/server.js"],"names":[],"mappings":"AAAA,YAAY,CAAC;AACb,OAAO,CAAC,UAAU,GAAG,IAAI,CAAC;AAC1B,OAAO,CAAC,SAAS,GAAG,KAAK,CAAC,CAAC;AAC3B;;;GAGG;AACH,IAAI,MAAM,GAAG,OAAO,CAAC,MAAM,CAAC,CAAC;AAC7B,IAAI,OAAO,GAAG,OAAO,CAAC,OAAO,CAAC,CAAC;AAC/B,IAAI,QAAQ,GAAG,OAAO,CAAC,mBAAmB,CAAC,CAAC;AAC5C,IAAI,SAAS,GAAG,OAAO,CAAC,2BAA2B,CAAC,CAAC;AACrD,IAAI,MAAM,GAAG,OAAO,CAAC,iBAAiB,CAAC,CAAC;AACxC,IAAI,WAAW,GAAG,OAAO,CAAC,sBAAsB,CAAC,CAAC;AAClD,IAAI,QAAQ,GAAG,OAAO,CAAC,mBAAmB,CAAC,CAAC;AAC5C,IAAI,UAAU,GAAG,OAAO,CAAC,YAAY,CAAC,CAAC;AACvC;;;;;;;;;;;;GAYG;AACH,SAAS,SAAS,CAAC,IAAI,CAAC,yBAAyB;;IAE7C,IAAI,EAAE,CAAC;IACP,CAAC,CAAC,EAAE,MAAM,CAAC,OAAO,CAAC,CAAC,CAAC,EAAE,GAAG,IAAI,CAAC,IAAI,CAAC,KAAK,IAAI,IAAI,EAAE,KAAK,KAAK,CAAC,CAAC,CAAC,CAAC,EAAE,CAAC,CAAC,CAAC,EAAE,CAAC,CAAC;IAC1E,IAAI,WAAW,GAAG,EAAE,CAAC;IACrB,IAAI,MAAM,GAAG,CAAC,CAAC,EAAE,QAAQ,CAAC,SAAS,CAAC,CAAC,IAAI,EAAE,WAAW,CAAC,CAAC;IACxD,wDAAwD;IACxD,IAAI,OAAO,GAAG,IAAI,CAAC,MAAM,CAAC,CAAC,CAAC,CAAC,CAAC,EAAE,OAAO,CAAC,YAAY,CAAC,CAAC,IAAI,CAAC,aAAa,EAAE,MAAM,KAAK,IAAI,IAAI,MAAM,KAAK,KAAK,CAAC,CAAC,CAAC,CAAC,KAAK,CAAC,CAAC,CAAC,CAAC,MAAM,CAAC,OAAO,CAAC,CAAC,CAAC,CAAC,CAAC,CAAC,EAAE,MAAM,CAAC,YAAY,CAAC,CAAC,MAAM,KAAK,IAAI,IAAI,MAAM,KAAK,KAAK,CAAC,CAAC,CAAC,CAAC,KAAK,CAAC,CAAC,CAAC,CAAC,MAAM,CAAC,OAAO,CAAC,CAAC;IACrO,iJAAiJ;IACjJ,IAAI,MAAM,GAAG,CAAC,CAAC,EAAE,SAAS,CAAC,UAAU,CAAC,CAAC,MAAM,EAAE,OAAO,EAAE,WAAW,CAAC,CAAC;IACrE,iDAAiD;IACjD,IAAI,MAAM,CAAC,MAAM;QACb,CAAC,CAAC,EAAE,UAAU,CAAC,gBAAgB,CAAC,CAAC,MAAM,CAAC,CAAC;IAC7C,wBAAwB;IACxB,IAAI,IAAI,CAAC,GAAG,IAAI,IAAI,CAAC,GAAG,CAAC,QAAQ,KAAK,QAAQ;QAC1C,CAAC,CAAC,EAAE,QAAQ,CAAC,SAAS,CAAC,CAAC,IAAI,CAAC,GAAG,EAAE,MAAM,CAAC,CAAC;IAC9C,wEAAwE;IACxE,MAAM,CAAC,SAAS,GAAG,cAAc,OAAO,CAAC,CAAC,EAAE,WAAW,CAAC,QAAQ,CAAC,CAAC,MAAM,CAAC,CAAC,CAAC,CAAC,CAAC;IAC7E,6DAA6D;IAC7D,IAAI,CAAC,MAAM,CAAC,QAAQ,EAAE;QAClB,MAAM,CAAC,MAAM,CAAC,IAAI,CAAC,IAAI,EAAE,MAAM,CAAC,QAAQ,CAAC,CAAC;KAC7C;IACD,OAAO,MAAM,CAAC;AAClB,CAAC;AACD,OAAO,CAAC,SAAS,GAAG,SAAS,CAAC","sourcesContent":["\"use strict\";\nexports.__esModule = true;\nexports.useServer = void 0;\n/**\n * @module server\n * @description core server module\n */\nvar http_1 = require(\"http\");\nvar https_1 = require(\"https\");\nvar config_1 = require(\"./internal/config\");\nvar startup_1 = require(\"./internal/config/startup\");\nvar port_1 = require(\"./internal/port\");\nvar _shutdown_1 = require(\"./internal/_shutdown\");\nvar logger_1 = require(\"./internal/logger\");\nvar internal_1 = require(\"./internal\");\n/**\n * @function useServer\n * @example\n * ```javascript\n* const app = useServer({\n* \tstatic: {\n* \t\tpath: './examples/files'\n* \t}\n* });\n* ```\n * @param conf configuration options\n * @returns httpuppy server\n */\nfunction useServer(conf // user config for server\n) {\n    var _a;\n    (0, port_1.usePort)((_a = conf.port) !== null && _a !== void 0 ? _a : 80);\n    var diagnostics = [];\n    var config = (0, config_1.useConfig)(conf, diagnostics);\n    // determine if they wanted a secure or a regular server\n    var _server = conf.secure ? (0, https_1.createServer)(conf.secureContext, config === null || config === void 0 ? void 0 : config.handler) : (0, http_1.createServer)(config === null || config === void 0 ? void 0 : config.handler);\n    // _useServer is an internal hook for validating the init process of the server itself and setting diagnostics accordingly if anything goes wrong\n    var server = (0, startup_1._useServer)(config, _server, diagnostics);\n    // set up handler to route based on static config\n    if (config.static)\n        (0, internal_1.useStaticHandler)(server);\n    // hook in logger module\n    if (conf.log && conf.log.logLevel !== 'silent')\n        (0, logger_1.useLogger)(conf.log, server);\n    // bind safe shutdown to the server for callability on the end user side\n    server._shutdown = function () { return (0, _shutdown_1.shutdown)(server); };\n    // if not conld init, auto set listening server before return\n    if (!config.coldInit) {\n        server.listen(conf.port, config.hostname);\n    }\n    return server;\n}\nexports.useServer = useServer;\n"]},"_coverageSchema":"1a1c01bbd47fc00a2c39e90264f33305004495a9","hash":"b4c29ba754b75417d0c2d73f6c5549295545fab4","contentHash":"6da8ed10c6b9291896fde08d067c9d427fb60b84df2d9a54a91d5095b51631ff"},"/Users/abs/Documents/github/httpuppy/lib/internal/config/index.js":{"path":"/Users/abs/Documents/github/httpuppy/lib/internal/config/index.js","statementMap":{"0":{"start":{"line":2,"column":15},"end":{"line":13,"column":1}},"1":{"start":{"line":3,"column":4},"end":{"line":11,"column":6}},"2":{"start":{"line":4,"column":8},"end":{"line":9,"column":9}},"3":{"start":{"line":4,"column":24},"end":{"line":4,"column":25}},"4":{"start":{"line":4,"column":31},"end":{"line":4,"column":47}},"5":{"start":{"line":5,"column":12},"end":{"line":5,"column":29}},"6":{"start":{"line":6,"column":12},"end":{"line":8,"column":32}},"7":{"start":{"line":7,"column":16},"end":{"line":8,"column":32}},"8":{"start":{"line":8,"column":20},"end":{"line":8,"column":32}},"9":{"start":{"line":10,"column":8},"end":{"line":10,"column":17}},"10":{"start":{"line":12,"column":4},"end":{"line":12,"column":43}},"11":{"start":{"line":14,"column":22},"end":{"line":26,"column":3}},"12":{"start":{"line":15,"column":4},"end":{"line":16,"column":15}},"13":{"start":{"line":16,"column":8},"end":{"line":16,"column":15}},"14":{"start":{"line":17,"column":15},"end":{"line":17,"column":52}},"15":{"start":{"line":18,"column":4},"end":{"line":20,"column":5}},"16":{"start":{"line":19,"column":8},"end":{"line":19,"column":71}},"17":{"start":{"line":19,"column":54},"end":{"line":19,"column":66}},"18":{"start":{"line":21,"column":4},"end":{"line":21,"column":39}},"19":{"start":{"line":23,"column":4},"end":{"line":24,"column":15}},"20":{"start":{"line":24,"column":8},"end":{"line":24,"column":15}},"21":{"start":{"line":25,"column":4},"end":{"line":25,"column":17}},"22":{"start":{"line":27,"column":19},"end":{"line":31,"column":1}},"23":{"start":{"line":28,"column":4},"end":{"line":30,"column":43}},"24":{"start":{"line":29,"column":8},"end":{"line":30,"column":43}},"25":{"start":{"line":30,"column":12},"end":{"line":30,"column":43}},"26":{"start":{"line":32,"column":0},"end":{"line":32,"column":26}},"27":{"start":{"line":33,"column":0},"end":{"line":33,"column":27}},"28":{"start":{"line":34,"column":16},"end":{"line":34,"column":34}},"29":{"start":{"line":43,"column":17},"end":{"line":43,"column":35}},"30":{"start":{"line":44,"column":4},"end":{"line":45,"column":25}},"31":{"start":{"line":45,"column":8},"end":{"line":45,"column":25}},"32":{"start":{"line":46,"column":4},"end":{"line":47,"column":38}},"33":{"start":{"line":47,"column":8},"end":{"line":47,"column":38}},"34":{"start":{"line":48,"column":4},"end":{"line":49,"column":37}},"35":{"start":{"line":49,"column":8},"end":{"line":49,"column":37}},"36":{"start":{"line":50,"column":4},"end":{"line":53,"column":5}},"37":{"start":{"line":51,"column":8},"end":{"line":52,"column":10}},"38":{"start":{"line":54,"column":4},"end":{"line":59,"column":5}},"39":{"start":{"line":55,"column":18},"end":{"line":55,"column":76}},"40":{"start":{"line":57,"column":8},"end":{"line":57,"column":77}},"41":{"start":{"line":58,"column":8},"end":{"line":58,"column":39}},"42":{"start":{"line":60,"column":4},"end":{"line":60,"column":18}},"43":{"start":{"line":62,"column":0},"end":{"line":62,"column":30}},"44":{"start":{"line":63,"column":0},"end":{"line":63,"column":41}},"45":{"start":{"line":64,"column":0},"end":{"line":64,"column":45}},"46":{"start":{"line":65,"column":0},"end":{"line":65,"column":44}}},"fnMap":{"0":{"name":"(anonymous_0)","decl":{"start":{"line":2,"column":42},"end":{"line":2,"column":43}},"loc":{"start":{"line":2,"column":54},"end":{"line":13,"column":1}},"line":2},"1":{"name":"(anonymous_1)","decl":{"start":{"line":3,"column":32},"end":{"line":3,"column":33}},"loc":{"start":{"line":3,"column":45},"end":{"line":11,"column":5}},"line":3},"2":{"name":"(anonymous_2)","decl":{"start":{"line":14,"column":74},"end":{"line":14,"column":75}},"loc":{"start":{"line":14,"column":97},"end":{"line":22,"column":1}},"line":14},"3":{"name":"(anonymous_3)","decl":{"start":{"line":19,"column":40},"end":{"line":19,"column":41}},"loc":{"start":{"line":19,"column":52},"end":{"line":19,"column":68}},"line":19},"4":{"name":"(anonymous_4)","decl":{"start":{"line":22,"column":6},"end":{"line":22,"column":7}},"loc":{"start":{"line":22,"column":29},"end":{"line":26,"column":1}},"line":22},"5":{"name":"(anonymous_5)","decl":{"start":{"line":27,"column":50},"end":{"line":27,"column":51}},"loc":{"start":{"line":27,"column":72},"end":{"line":31,"column":1}},"line":27},"6":{"name":"useConfig","decl":{"start":{"line":42,"column":9},"end":{"line":42,"column":18}},"loc":{"start":{"line":42,"column":38},"end":{"line":61,"column":1}},"line":42}},"branchMap":{"0":{"loc":{"start":{"line":2,"column":15},"end":{"line":13,"column":1}},"type":"binary-expr","locations":[{"start":{"line":2,"column":16},"end":{"line":2,"column":20}},{"start":{"line":2,"column":24},"end":{"line":2,"column":37}},{"start":{"line":2,"column":42},"end":{"line":13,"column":1}}],"line":2},"1":{"loc":{"start":{"line":3,"column":15},"end":{"line":11,"column":5}},"type":"binary-expr","locations":[{"start":{"line":3,"column":15},"end":{"line":3,"column":28}},{"start":{"line":3,"column":32},"end":{"line":11,"column":5}}],"line":3},"2":{"loc":{"start":{"line":7,"column":16},"end":{"line":8,"column":32}},"type":"if","locations":[{"start":{"line":7,"column":16},"end":{"line":8,"column":32}},{"start":{"line":7,"column":16},"end":{"line":8,"column":32}}],"line":7},"3":{"loc":{"start":{"line":14,"column":22},"end":{"line":26,"column":3}},"type":"binary-expr","locations":[{"start":{"line":14,"column":23},"end":{"line":14,"column":27}},{"start":{"line":14,"column":31},"end":{"line":14,"column":51}},{"start":{"line":14,"column":57},"end":{"line":26,"column":2}}],"line":14},"4":{"loc":{"start":{"line":14,"column":57},"end":{"line":26,"column":2}},"type":"cond-expr","locations":[{"start":{"line":14,"column":74},"end":{"line":22,"column":1}},{"start":{"line":22,"column":6},"end":{"line":26,"column":1}}],"line":14},"5":{"loc":{"start":{"line":15,"column":4},"end":{"line":16,"column":15}},"type":"if","locations":[{"start":{"line":15,"column":4},"end":{"line":16,"column":15}},{"start":{"line":15,"column":4},"end":{"line":16,"column":15}}],"line":15},"6":{"loc":{"start":{"line":18,"column":4},"end":{"line":20,"column":5}},"type":"if","locations":[{"start":{"line":18,"column":4},"end":{"line":20,"column":5}},{"start":{"line":18,"column":4},"end":{"line":20,"column":5}}],"line":18},"7":{"loc":{"start":{"line":18,"column":8},"end":{"line":18,"column":85}},"type":"binary-expr","locations":[{"start":{"line":18,"column":8},"end":{"line":18,"column":13}},{"start":{"line":18,"column":18},"end":{"line":18,"column":84}}],"line":18},"8":{"loc":{"start":{"line":18,"column":18},"end":{"line":18,"column":84}},"type":"cond-expr","locations":[{"start":{"line":18,"column":34},"end":{"line":18,"column":47}},{"start":{"line":18,"column":50},"end":{"line":18,"column":84}}],"line":18},"9":{"loc":{"start":{"line":18,"column":50},"end":{"line":18,"column":84}},"type":"binary-expr","locations":[{"start":{"line":18,"column":50},"end":{"line":18,"column":63}},{"start":{"line":18,"column":67},"end":{"line":18,"column":84}}],"line":18},"10":{"loc":{"start":{"line":23,"column":4},"end":{"line":24,"column":15}},"type":"if","locations":[{"start":{"line":23,"column":4},"end":{"line":24,"column":15}},{"start":{"line":23,"column":4},"end":{"line":24,"column":15}}],"line":23},"11":{"loc":{"start":{"line":27,"column":19},"end":{"line":31,"column":1}},"type":"binary-expr","locations":[{"start":{"line":27,"column":20},"end":{"line":27,"column":24}},{"start":{"line":27,"column":28},"end":{"line":27,"column":45}},{"start":{"line":27,"column":50},"end":{"line":31,"column":1}}],"line":27},"12":{"loc":{"start":{"line":29,"column":8},"end":{"line":30,"column":43}},"type":"if","locations":[{"start":{"line":29,"column":8},"end":{"line":30,"column":43}},{"start":{"line":29,"column":8},"end":{"line":30,"column":43}}],"line":29},"13":{"loc":{"start":{"line":29,"column":12},"end":{"line":29,"column":80}},"type":"binary-expr","locations":[{"start":{"line":29,"column":12},"end":{"line":29,"column":27}},{"start":{"line":29,"column":31},"end":{"line":29,"column":80}}],"line":29},"14":{"loc":{"start":{"line":44,"column":4},"end":{"line":45,"column":25}},"type":"if","locations":[{"start":{"line":44,"column":4},"end":{"line":45,"column":25}},{"start":{"line":44,"column":4},"end":{"line":45,"column":25}}],"line":44},"15":{"loc":{"start":{"line":46,"column":4},"end":{"line":47,"column":38}},"type":"if","locations":[{"start":{"line":46,"column":4},"end":{"line":47,"column":38}},{"start":{"line":46,"column":4},"end":{"line":47,"column":38}}],"line":46},"16":{"loc":{"start":{"line":48,"column":4},"end":{"line":49,"column":37}},"type":"if","locations":[{"start":{"line":48,"column":4},"end":{"line":49,"column":37}},{"start":{"line":48,"column":4},"end":{"line":49,"column":37}}],"line":48},"17":{"loc":{"start":{"line":48,"column":8},"end":{"line":48,"column":64}},"type":"binary-expr","locations":[{"start":{"line":48,"column":8},"end":{"line":48,"column":29}},{"start":{"line":48,"column":34},"end":{"line":48,"column":63}}],"line":48},"18":{"loc":{"start":{"line":50,"column":4},"end":{"line":53,"column":5}},"type":"if","locations":[{"start":{"line":50,"column":4},"end":{"line":53,"column":5}},{"start":{"line":50,"column":4},"end":{"line":53,"column":5}}],"line":50},"19":{"loc":{"start":{"line":54,"column":4},"end":{"line":59,"column":5}},"type":"if","locations":[{"start":{"line":54,"column":4},"end":{"line":59,"column":5}},{"start":{"line":54,"column":4},"end":{"line":59,"column":5}}],"line":54},"20":{"loc":{"start":{"line":54,"column":8},"end":{"line":54,"column":37}},"type":"binary-expr","locations":[{"start":{"line":54,"column":8},"end":{"line":54,"column":21}},{"start":{"line":54,"column":25},"end":{"line":54,"column":37}}],"line":54}},"s":{"0":1,"1":1,"2":0,"3":0,"4":0,"5":0,"6":0,"7":0,"8":0,"9":0,"10":1,"11":1,"12":11,"13":11,"14":11,"15":11,"16":11,"17":0,"18":11,"19":0,"20":0,"21":0,"22":1,"23":3,"24":14,"25":11,"26":1,"27":1,"28":1,"29":2,"30":2,"31":1,"32":2,"33":2,"34":2,"35":2,"36":2,"37":2,"38":2,"39":0,"40":0,"41":0,"42":2,"43":1,"44":1,"45":1,"46":1},"f":{"0":1,"1":0,"2":11,"3":0,"4":0,"5":3,"6":2},"b":{"0":[1,1,1],"1":[1,0],"2":[0,0],"3":[1,1,1],"4":[1,0],"5":[11,0],"6":[11,0],"7":[11,11],"8":[0,11],"9":[11,0],"10":[0,0],"11":[1,1,1],"12":[11,3],"13":[14,14],"14":[1,1],"15":[2,0],"16":[2,0],"17":[2,0],"18":[2,0],"19":[0,2],"20":[2,2]},"inputSourceMap":{"version":3,"file":"/Users/abs/Documents/github/httpuppy/lib/internal/config/index.js","sources":["/Users/abs/Documents/github/httpuppy/lib/internal/config/index.js"],"names":[],"mappings":"AAAA,YAAY,CAAC;AACb,IAAI,QAAQ,GAAG,CAAC,IAAI,IAAI,IAAI,CAAC,QAAQ,CAAC,IAAI;IACtC,QAAQ,GAAG,MAAM,CAAC,MAAM,IAAI,UAAS,CAAC;QAClC,KAAK,IAAI,CAAC,EAAE,CAAC,GAAG,CAAC,EAAE,CAAC,GAAG,SAAS,CAAC,MAAM,EAAE,CAAC,GAAG,CAAC,EAAE,CAAC,EAAE,EAAE;YACjD,CAAC,GAAG,SAAS,CAAC,CAAC,CAAC,CAAC;YACjB,KAAK,IAAI,CAAC,IAAI,CAAC;gBAAE,IAAI,MAAM,CAAC,SAAS,CAAC,cAAc,CAAC,IAAI,CAAC,CAAC,EAAE,CAAC,CAAC;oBAC3D,CAAC,CAAC,CAAC,CAAC,GAAG,CAAC,CAAC,CAAC,CAAC,CAAC;SACnB;QACD,OAAO,CAAC,CAAC;IACb,CAAC,CAAC;IACF,OAAO,QAAQ,CAAC,KAAK,CAAC,IAAI,EAAE,SAAS,CAAC,CAAC;AAC3C,CAAC,CAAC;AACF,IAAI,eAAe,GAAG,CAAC,IAAI,IAAI,IAAI,CAAC,eAAe,CAAC,IAAI,CAAC,MAAM,CAAC,MAAM,CAAC,CAAC,CAAC,CAAC,UAAS,CAAC,EAAE,CAAC,EAAE,CAAC,EAAE,EAAE;IAC1F,IAAI,EAAE,KAAK,SAAS;QAAE,EAAE,GAAG,CAAC,CAAC;IAC7B,IAAI,IAAI,GAAG,MAAM,CAAC,wBAAwB,CAAC,CAAC,EAAE,CAAC,CAAC,CAAC;IACjD,IAAI,CAAC,IAAI,IAAI,CAAC,KAAK,IAAI,IAAI,CAAC,CAAC,CAAC,CAAC,CAAC,CAAC,UAAU,CAAC,CAAC,CAAC,IAAI,CAAC,QAAQ,IAAI,IAAI,CAAC,YAAY,CAAC,EAAE;QACjF,IAAI,GAAG,EAAE,UAAU,EAAE,IAAI,EAAE,GAAG,EAAE,cAAa,OAAO,CAAC,CAAC,CAAC,CAAC,CAAC,CAAC,CAAC,EAAE,CAAC;KAC/D;IACD,MAAM,CAAC,cAAc,CAAC,CAAC,EAAE,EAAE,EAAE,IAAI,CAAC,CAAC;AACvC,CAAC,CAAC,CAAC,CAAC,CAAC,CAAC,UAAS,CAAC,EAAE,CAAC,EAAE,CAAC,EAAE,EAAE;IACtB,IAAI,EAAE,KAAK,SAAS;QAAE,EAAE,GAAG,CAAC,CAAC;IAC7B,CAAC,CAAC,EAAE,CAAC,GAAG,CAAC,CAAC,CAAC,CAAC,CAAC;AACjB,CAAC,CAAC,CAAC,CAAC;AACJ,IAAI,YAAY,GAAG,CAAC,IAAI,IAAI,IAAI,CAAC,YAAY,CAAC,IAAI,UAAS,CAAC,EAAE,OAAO;IACjE,KAAK,IAAI,CAAC,IAAI,CAAC;QAAE,IAAI,CAAC,KAAK,SAAS,IAAI,CAAC,MAAM,CAAC,SAAS,CAAC,cAAc,CAAC,IAAI,CAAC,OAAO,EAAE,CAAC,CAAC;YAAE,eAAe,CAAC,OAAO,EAAE,CAAC,EAAE,CAAC,CAAC,CAAC;AAC9H,CAAC,CAAC;AACF,OAAO,CAAC,UAAU,GAAG,IAAI,CAAC;AAC1B,OAAO,CAAC,SAAS,GAAG,KAAK,CAAC,CAAC;AAC3B,IAAI,SAAS,GAAG,OAAO,CAAC,SAAS,CAAC,CAAC;AACnC;;;;;;GAMG;AACH,SAAS,SAAS,CAAC,IAAI,EAAE,WAAW;IAChC,IAAI,MAAM,GAAG,QAAQ,CAAC,EAAE,EAAE,IAAI,CAAC,CAAC;IAChC,IAAI,CAAC,MAAM,CAAC,IAAI;QACZ,MAAM,CAAC,IAAI,GAAG,EAAE,CAAC,CAAC,mBAAmB;IACzC,IAAI,CAAC,MAAM,CAAC,QAAQ;QAChB,MAAM,CAAC,QAAQ,GAAG,WAAW,CAAC,CAAC,aAAa;IAChD,IAAI,CAAC,MAAM,CAAC,aAAa,IAAI,CAAC,MAAM,CAAC,aAAa,KAAK,IAAI,CAAC;QACxD,MAAM,CAAC,aAAa,GAAG,KAAK,CAAC;IACjC,IAAI,MAAM,CAAC,MAAM,EAAE;QACf,MAAM,CAAC,MAAM,GAAG,QAAQ,CAAC,EAAE,IAAI,EAAE,GAAG,EAAE,IAAI,EAAE,GAAG,EAAE,EAAE,MAAM,CAAC,MAAM,CAAC,sFAAsF;SACtJ,CAAC;KACL;IACD,IAAI,CAAC,IAAI,CAAC,OAAO,IAAI,CAAC,IAAI,CAAC,MAAM,EAAE;QAC/B,IAAI,GAAG,GAAG,0DAA0D,CAAC;QACrE,YAAY;QACZ,CAAC,CAAC,EAAE,SAAS,CAAC,WAAW,CAAC,CAAC,GAAG,EAAE,CAAC,IAAI,KAAK,EAAE,CAAC,KAAK,CAAC,KAAK,CAAC,KAAK,CAAC,CAAC,CAAC,CAAC,CAAC,CAAC,CAAC;QACrE,WAAW,CAAC,IAAI,CAAC,EAAE,GAAG,EAAE,GAAG,EAAE,CAAC,CAAC;KAClC;IACD,OAAO,MAAM,CAAC;AAClB,CAAC;AACD,OAAO,CAAC,SAAS,GAAG,SAAS,CAAC;AAC9B,YAAY,CAAC,OAAO,CAAC,QAAQ,CAAC,EAAE,OAAO,CAAC,CAAC;AACzC,YAAY,CAAC,OAAO,CAAC,YAAY,CAAC,EAAE,OAAO,CAAC,CAAC;AAC7C,YAAY,CAAC,OAAO,CAAC,WAAW,CAAC,EAAE,OAAO,CAAC,CAAC","sourcesContent":["\"use strict\";\nvar __assign = (this && this.__assign) || function () {\n    __assign = Object.assign || function(t) {\n        for (var s, i = 1, n = arguments.length; i < n; i++) {\n            s = arguments[i];\n            for (var p in s) if (Object.prototype.hasOwnProperty.call(s, p))\n                t[p] = s[p];\n        }\n        return t;\n    };\n    return __assign.apply(this, arguments);\n};\nvar __createBinding = (this && this.__createBinding) || (Object.create ? (function(o, m, k, k2) {\n    if (k2 === undefined) k2 = k;\n    var desc = Object.getOwnPropertyDescriptor(m, k);\n    if (!desc || (\"get\" in desc ? !m.__esModule : desc.writable || desc.configurable)) {\n      desc = { enumerable: true, get: function() { return m[k]; } };\n    }\n    Object.defineProperty(o, k2, desc);\n}) : (function(o, m, k, k2) {\n    if (k2 === undefined) k2 = k;\n    o[k2] = m[k];\n}));\nvar __exportStar = (this && this.__exportStar) || function(m, exports) {\n    for (var p in m) if (p !== \"default\" && !Object.prototype.hasOwnProperty.call(exports, p)) __createBinding(exports, m, p);\n};\nexports.__esModule = true;\nexports.useConfig = void 0;\nvar process_1 = require(\"process\");\n/**\n * @internal useConfig\n * @description hook for applying default config settings against given user input\n * @param conf the submitted user input\n * @param diagnostics diagnostic log of the top level\n * @returns cleaned user config\n */\nfunction useConfig(conf, diagnostics) {\n    var config = __assign({}, conf);\n    if (!config.port)\n        config.port = 80; //default http port\n    if (!config.hostname)\n        config.hostname = '127.0.0.1'; // default lh\n    if (!config.throwWarnings || (config.throwWarnings === null))\n        config.throwWarnings = false;\n    if (config.static) {\n        config.static = __assign({ href: '/', path: '.' }, config.static // go last to just use href and path as defaults to override, config is the user input\n        );\n    }\n    if (!conf.handler && !conf.static) {\n        var msg = 'Request Handler no-op, nothing is handling your requests';\n        //@ts-ignore\n        (0, process_1.emitWarning)(msg, (new Error().stack.split(\"at \")[1]));\n        diagnostics.push({ msg: msg });\n    }\n    return config;\n}\nexports.useConfig = useConfig;\n__exportStar(require(\"./argv\"), exports);\n__exportStar(require(\"./conf-map\"), exports);\n__exportStar(require(\"./startup\"), exports);\n"]},"_coverageSchema":"1a1c01bbd47fc00a2c39e90264f33305004495a9","hash":"7ba4f564342d3064bb07e23086149a06f1352d03","contentHash":"3a8314db0d354ae164ead78edcb08f4cbc755f478f7bc69242f0d7013087b0fc"},"/Users/abs/Documents/github/httpuppy/lib/internal/config/argv.js":{"path":"/Users/abs/Documents/github/httpuppy/lib/internal/config/argv.js","statementMap":{"0":{"start":{"line":2,"column":15},"end":{"line":13,"column":1}},"1":{"start":{"line":3,"column":4},"end":{"line":11,"column":6}},"2":{"start":{"line":4,"column":8},"end":{"line":9,"column":9}},"3":{"start":{"line":4,"column":24},"end":{"line":4,"column":25}},"4":{"start":{"line":4,"column":31},"end":{"line":4,"column":47}},"5":{"start":{"line":5,"column":12},"end":{"line":5,"column":29}},"6":{"start":{"line":6,"column":12},"end":{"line":8,"column":32}},"7":{"start":{"line":7,"column":16},"end":{"line":8,"column":32}},"8":{"start":{"line":8,"column":20},"end":{"line":8,"column":32}},"9":{"start":{"line":10,"column":8},"end":{"line":10,"column":17}},"10":{"start":{"line":12,"column":4},"end":{"line":12,"column":43}},"11":{"start":{"line":14,"column":16},"end":{"line":32,"column":1}},"12":{"start":{"line":15,"column":28},"end":{"line":15,"column":110}},"13":{"start":{"line":15,"column":91},"end":{"line":15,"column":106}},"14":{"start":{"line":16,"column":4},"end":{"line":31,"column":7}},"15":{"start":{"line":17,"column":36},"end":{"line":22,"column":9}},"16":{"start":{"line":18,"column":12},"end":{"line":18,"column":40}},"17":{"start":{"line":21,"column":12},"end":{"line":21,"column":22}},"18":{"start":{"line":23,"column":35},"end":{"line":28,"column":9}},"19":{"start":{"line":24,"column":12},"end":{"line":24,"column":44}},"20":{"start":{"line":27,"column":12},"end":{"line":27,"column":22}},"21":{"start":{"line":29,"column":32},"end":{"line":29,"column":116}},"22":{"start":{"line":30,"column":8},"end":{"line":30,"column":78}},"23":{"start":{"line":33,"column":18},"end":{"line":101,"column":1}},"24":{"start":{"line":34,"column":12},"end":{"line":35,"column":59}},"25":{"start":{"line":34,"column":44},"end":{"line":35,"column":23}},"26":{"start":{"line":35,"column":12},"end":{"line":35,"column":23}},"27":{"start":{"line":35,"column":24},"end":{"line":35,"column":36}},"28":{"start":{"line":36,"column":4},"end":{"line":36,"column":158}},"29":{"start":{"line":36,"column":139},"end":{"line":36,"column":151}},"30":{"start":{"line":37,"column":23},"end":{"line":37,"column":68}},"31":{"start":{"line":37,"column":45},"end":{"line":37,"column":65}},"32":{"start":{"line":39,"column":8},"end":{"line":40,"column":67}},"33":{"start":{"line":40,"column":12},"end":{"line":40,"column":67}},"34":{"start":{"line":41,"column":8},"end":{"line":96,"column":13}},"35":{"start":{"line":42,"column":12},"end":{"line":96,"column":13}},"36":{"start":{"line":43,"column":16},"end":{"line":44,"column":29}},"37":{"start":{"line":44,"column":20},"end":{"line":44,"column":29}},"38":{"start":{"line":45,"column":16},"end":{"line":46,"column":46}},"39":{"start":{"line":46,"column":20},"end":{"line":46,"column":46}},"40":{"start":{"line":47,"column":16},"end":{"line":87,"column":17}},"41":{"start":{"line":50,"column":24},"end":{"line":50,"column":31}},"42":{"start":{"line":51,"column":24},"end":{"line":51,"column":30}},"43":{"start":{"line":53,"column":24},"end":{"line":53,"column":34}},"44":{"start":{"line":54,"column":24},"end":{"line":54,"column":61}},"45":{"start":{"line":56,"column":24},"end":{"line":56,"column":34}},"46":{"start":{"line":57,"column":24},"end":{"line":57,"column":34}},"47":{"start":{"line":58,"column":24},"end":{"line":58,"column":33}},"48":{"start":{"line":59,"column":24},"end":{"line":59,"column":33}},"49":{"start":{"line":61,"column":24},"end":{"line":61,"column":41}},"50":{"start":{"line":62,"column":24},"end":{"line":62,"column":37}},"51":{"start":{"line":63,"column":24},"end":{"line":63,"column":33}},"52":{"start":{"line":65,"column":24},"end":{"line":68,"column":25}},"53":{"start":{"line":66,"column":28},"end":{"line":66,"column":34}},"54":{"start":{"line":67,"column":28},"end":{"line":67,"column":37}},"55":{"start":{"line":69,"column":24},"end":{"line":72,"column":25}},"56":{"start":{"line":70,"column":28},"end":{"line":70,"column":44}},"57":{"start":{"line":71,"column":28},"end":{"line":71,"column":34}},"58":{"start":{"line":73,"column":24},"end":{"line":77,"column":25}},"59":{"start":{"line":74,"column":28},"end":{"line":74,"column":43}},"60":{"start":{"line":75,"column":28},"end":{"line":75,"column":35}},"61":{"start":{"line":76,"column":28},"end":{"line":76,"column":34}},"62":{"start":{"line":78,"column":24},"end":{"line":82,"column":25}},"63":{"start":{"line":79,"column":28},"end":{"line":79,"column":43}},"64":{"start":{"line":80,"column":28},"end":{"line":80,"column":43}},"65":{"start":{"line":81,"column":28},"end":{"line":81,"column":34}},"66":{"start":{"line":83,"column":24},"end":{"line":84,"column":40}},"67":{"start":{"line":84,"column":28},"end":{"line":84,"column":40}},"68":{"start":{"line":85,"column":24},"end":{"line":85,"column":37}},"69":{"start":{"line":86,"column":24},"end":{"line":86,"column":33}},"70":{"start":{"line":88,"column":16},"end":{"line":88,"column":43}},"71":{"start":{"line":91,"column":16},"end":{"line":91,"column":28}},"72":{"start":{"line":92,"column":16},"end":{"line":92,"column":22}},"73":{"start":{"line":95,"column":16},"end":{"line":95,"column":26}},"74":{"start":{"line":97,"column":8},"end":{"line":98,"column":24}},"75":{"start":{"line":98,"column":12},"end":{"line":98,"column":24}},"76":{"start":{"line":99,"column":8},"end":{"line":99,"column":61}},"77":{"start":{"line":102,"column":0},"end":{"line":102,"column":26}},"78":{"start":{"line":103,"column":0},"end":{"line":103,"column":124}},"79":{"start":{"line":107,"column":13},"end":{"line":107,"column":28}},"80":{"start":{"line":108,"column":17},"end":{"line":108,"column":36}},"81":{"start":{"line":109,"column":17},"end":{"line":109,"column":38}},"82":{"start":{"line":110,"column":11},"end":{"line":110,"column":24}},"83":{"start":{"line":112,"column":19},"end":{"line":112,"column":43}},"84":{"start":{"line":113,"column":18},"end":{"line":113,"column":123}},"85":{"start":{"line":113,"column":77},"end":{"line":113,"column":120}},"86":{"start":{"line":114,"column":4},"end":{"line":114,"column":26}},"87":{"start":{"line":116,"column":0},"end":{"line":116,"column":42}},"88":{"start":{"line":118,"column":4},"end":{"line":138,"column":7}},"89":{"start":{"line":120,"column":8},"end":{"line":137,"column":11}},"90":{"start":{"line":121,"column":12},"end":{"line":136,"column":13}},"91":{"start":{"line":123,"column":20},"end":{"line":123,"column":56}},"92":{"start":{"line":124,"column":20},"end":{"line":124,"column":136}},"93":{"start":{"line":124,"column":89},"end":{"line":124,"column":132}},"94":{"start":{"line":125,"column":20},"end":{"line":132,"column":28}},"95":{"start":{"line":130,"column":72},"end":{"line":130,"column":94}},"96":{"start":{"line":134,"column":20},"end":{"line":134,"column":60}},"97":{"start":{"line":135,"column":20},"end":{"line":135,"column":147}},"98":{"start":{"line":135,"column":97},"end":{"line":135,"column":134}},"99":{"start":{"line":140,"column":0},"end":{"line":140,"column":52}},"100":{"start":{"line":143,"column":4},"end":{"line":155,"column":5}},"101":{"start":{"line":145,"column":22},"end":{"line":145,"column":189}},"102":{"start":{"line":146,"column":12},"end":{"line":146,"column":37}},"103":{"start":{"line":148,"column":22},"end":{"line":148,"column":108}},"104":{"start":{"line":149,"column":12},"end":{"line":149,"column":37}},"105":{"start":{"line":151,"column":23},"end":{"line":151,"column":103}},"106":{"start":{"line":152,"column":12},"end":{"line":152,"column":38}},"107":{"start":{"line":154,"column":12},"end":{"line":154,"column":22}},"108":{"start":{"line":158,"column":4},"end":{"line":176,"column":7}},"109":{"start":{"line":160,"column":8},"end":{"line":175,"column":11}},"110":{"start":{"line":161,"column":12},"end":{"line":174,"column":13}},"111":{"start":{"line":163,"column":20},"end":{"line":163,"column":61}},"112":{"start":{"line":164,"column":20},"end":{"line":164,"column":53}},"113":{"start":{"line":165,"column":20},"end":{"line":165,"column":64}},"114":{"start":{"line":166,"column":20},"end":{"line":166,"column":39}},"115":{"start":{"line":167,"column":20},"end":{"line":168,"column":48}},"116":{"start":{"line":168,"column":24},"end":{"line":168,"column":48}},"117":{"start":{"line":169,"column":20},"end":{"line":169,"column":70}},"118":{"start":{"line":171,"column":20},"end":{"line":171,"column":43}},"119":{"start":{"line":172,"column":20},"end":{"line":172,"column":73}},"120":{"start":{"line":173,"column":24},"end":{"line":173,"column":50}},"121":{"start":{"line":178,"column":0},"end":{"line":178,"column":48}},"122":{"start":{"line":181,"column":4},"end":{"line":188,"column":7}},"123":{"start":{"line":183,"column":8},"end":{"line":187,"column":11}},"124":{"start":{"line":184,"column":12},"end":{"line":184,"column":48}},"125":{"start":{"line":185,"column":12},"end":{"line":185,"column":128}},"126":{"start":{"line":185,"column":81},"end":{"line":185,"column":124}},"127":{"start":{"line":186,"column":12},"end":{"line":186,"column":146}},"128":{"start":{"line":190,"column":0},"end":{"line":190,"column":52}}},"fnMap":{"0":{"name":"(anonymous_0)","decl":{"start":{"line":2,"column":42},"end":{"line":2,"column":43}},"loc":{"start":{"line":2,"column":54},"end":{"line":13,"column":1}},"line":2},"1":{"name":"(anonymous_1)","decl":{"start":{"line":3,"column":32},"end":{"line":3,"column":33}},"loc":{"start":{"line":3,"column":45},"end":{"line":11,"column":5}},"line":3},"2":{"name":"(anonymous_2)","decl":{"start":{"line":14,"column":44},"end":{"line":14,"column":45}},"loc":{"start":{"line":14,"column":89},"end":{"line":32,"column":1}},"line":14},"3":{"name":"adopt","decl":{"start":{"line":15,"column":13},"end":{"line":15,"column":18}},"loc":{"start":{"line":15,"column":26},"end":{"line":15,"column":112}},"line":15},"4":{"name":"(anonymous_4)","decl":{"start":{"line":15,"column":70},"end":{"line":15,"column":71}},"loc":{"start":{"line":15,"column":89},"end":{"line":15,"column":108}},"line":15},"5":{"name":"(anonymous_5)","decl":{"start":{"line":16,"column":36},"end":{"line":16,"column":37}},"loc":{"start":{"line":16,"column":63},"end":{"line":31,"column":5}},"line":16},"6":{"name":"fulfilled","decl":{"start":{"line":17,"column":17},"end":{"line":17,"column":26}},"loc":{"start":{"line":17,"column":34},"end":{"line":22,"column":11}},"line":17},"7":{"name":"rejected","decl":{"start":{"line":23,"column":17},"end":{"line":23,"column":25}},"loc":{"start":{"line":23,"column":33},"end":{"line":28,"column":11}},"line":23},"8":{"name":"step","decl":{"start":{"line":29,"column":17},"end":{"line":29,"column":21}},"loc":{"start":{"line":29,"column":30},"end":{"line":29,"column":118}},"line":29},"9":{"name":"(anonymous_9)","decl":{"start":{"line":33,"column":48},"end":{"line":33,"column":49}},"loc":{"start":{"line":33,"column":73},"end":{"line":101,"column":1}},"line":33},"10":{"name":"(anonymous_10)","decl":{"start":{"line":34,"column":30},"end":{"line":34,"column":31}},"loc":{"start":{"line":34,"column":42},"end":{"line":35,"column":38}},"line":34},"11":{"name":"(anonymous_11)","decl":{"start":{"line":36,"column":125},"end":{"line":36,"column":126}},"loc":{"start":{"line":36,"column":137},"end":{"line":36,"column":153}},"line":36},"12":{"name":"verb","decl":{"start":{"line":37,"column":13},"end":{"line":37,"column":17}},"loc":{"start":{"line":37,"column":21},"end":{"line":37,"column":70}},"line":37},"13":{"name":"(anonymous_13)","decl":{"start":{"line":37,"column":30},"end":{"line":37,"column":31}},"loc":{"start":{"line":37,"column":43},"end":{"line":37,"column":67}},"line":37},"14":{"name":"step","decl":{"start":{"line":38,"column":13},"end":{"line":38,"column":17}},"loc":{"start":{"line":38,"column":22},"end":{"line":100,"column":5}},"line":38},"15":{"name":"checkNumConfigs","decl":{"start":{"line":111,"column":9},"end":{"line":111,"column":24}},"loc":{"start":{"line":111,"column":28},"end":{"line":115,"column":1}},"line":111},"16":{"name":"(anonymous_16)","decl":{"start":{"line":113,"column":56},"end":{"line":113,"column":57}},"loc":{"start":{"line":113,"column":75},"end":{"line":113,"column":122}},"line":113},"17":{"name":"useMultiConfigPrompt","decl":{"start":{"line":117,"column":9},"end":{"line":117,"column":29}},"loc":{"start":{"line":117,"column":33},"end":{"line":139,"column":1}},"line":117},"18":{"name":"(anonymous_18)","decl":{"start":{"line":118,"column":43},"end":{"line":118,"column":44}},"loc":{"start":{"line":118,"column":55},"end":{"line":138,"column":5}},"line":118},"19":{"name":"(anonymous_19)","decl":{"start":{"line":120,"column":33},"end":{"line":120,"column":34}},"loc":{"start":{"line":120,"column":47},"end":{"line":137,"column":9}},"line":120},"20":{"name":"(anonymous_20)","decl":{"start":{"line":124,"column":68},"end":{"line":124,"column":69}},"loc":{"start":{"line":124,"column":87},"end":{"line":124,"column":134}},"line":124},"21":{"name":"(anonymous_21)","decl":{"start":{"line":130,"column":53},"end":{"line":130,"column":54}},"loc":{"start":{"line":130,"column":70},"end":{"line":130,"column":96}},"line":130},"22":{"name":"(anonymous_22)","decl":{"start":{"line":135,"column":80},"end":{"line":135,"column":81}},"loc":{"start":{"line":135,"column":95},"end":{"line":135,"column":136}},"line":135},"23":{"name":"_switchConfigType","decl":{"start":{"line":141,"column":9},"end":{"line":141,"column":26}},"loc":{"start":{"line":141,"column":39},"end":{"line":156,"column":1}},"line":141},"24":{"name":"useCLIConfigFinder","decl":{"start":{"line":157,"column":9},"end":{"line":157,"column":27}},"loc":{"start":{"line":157,"column":30},"end":{"line":177,"column":1}},"line":157},"25":{"name":"(anonymous_25)","decl":{"start":{"line":158,"column":43},"end":{"line":158,"column":44}},"loc":{"start":{"line":158,"column":55},"end":{"line":176,"column":5}},"line":158},"26":{"name":"(anonymous_26)","decl":{"start":{"line":160,"column":33},"end":{"line":160,"column":34}},"loc":{"start":{"line":160,"column":47},"end":{"line":175,"column":9}},"line":160},"27":{"name":"useValidConfigOption","decl":{"start":{"line":179,"column":9},"end":{"line":179,"column":29}},"loc":{"start":{"line":179,"column":33},"end":{"line":189,"column":1}},"line":179},"28":{"name":"(anonymous_28)","decl":{"start":{"line":181,"column":43},"end":{"line":181,"column":44}},"loc":{"start":{"line":181,"column":55},"end":{"line":188,"column":5}},"line":181},"29":{"name":"(anonymous_29)","decl":{"start":{"line":183,"column":33},"end":{"line":183,"column":34}},"loc":{"start":{"line":183,"column":47},"end":{"line":187,"column":9}},"line":183},"30":{"name":"(anonymous_30)","decl":{"start":{"line":185,"column":60},"end":{"line":185,"column":61}},"loc":{"start":{"line":185,"column":79},"end":{"line":185,"column":126}},"line":185}},"branchMap":{"0":{"loc":{"start":{"line":2,"column":15},"end":{"line":13,"column":1}},"type":"binary-expr","locations":[{"start":{"line":2,"column":16},"end":{"line":2,"column":20}},{"start":{"line":2,"column":24},"end":{"line":2,"column":37}},{"start":{"line":2,"column":42},"end":{"line":13,"column":1}}],"line":2},"1":{"loc":{"start":{"line":3,"column":15},"end":{"line":11,"column":5}},"type":"binary-expr","locations":[{"start":{"line":3,"column":15},"end":{"line":3,"column":28}},{"start":{"line":3,"column":32},"end":{"line":11,"column":5}}],"line":3},"2":{"loc":{"start":{"line":7,"column":16},"end":{"line":8,"column":32}},"type":"if","locations":[{"start":{"line":7,"column":16},"end":{"line":8,"column":32}},{"start":{"line":7,"column":16},"end":{"line":8,"column":32}}],"line":7},"3":{"loc":{"start":{"line":14,"column":16},"end":{"line":32,"column":1}},"type":"binary-expr","locations":[{"start":{"line":14,"column":17},"end":{"line":14,"column":21}},{"start":{"line":14,"column":25},"end":{"line":14,"column":39}},{"start":{"line":14,"column":44},"end":{"line":32,"column":1}}],"line":14},"4":{"loc":{"start":{"line":15,"column":35},"end":{"line":15,"column":109}},"type":"cond-expr","locations":[{"start":{"line":15,"column":56},"end":{"line":15,"column":61}},{"start":{"line":15,"column":64},"end":{"line":15,"column":109}}],"line":15},"5":{"loc":{"start":{"line":16,"column":16},"end":{"line":16,"column":34}},"type":"binary-expr","locations":[{"start":{"line":16,"column":16},"end":{"line":16,"column":17}},{"start":{"line":16,"column":22},"end":{"line":16,"column":33}}],"line":16},"6":{"loc":{"start":{"line":29,"column":32},"end":{"line":29,"column":115}},"type":"cond-expr","locations":[{"start":{"line":29,"column":46},"end":{"line":29,"column":67}},{"start":{"line":29,"column":70},"end":{"line":29,"column":115}}],"line":29},"7":{"loc":{"start":{"line":30,"column":51},"end":{"line":30,"column":67}},"type":"binary-expr","locations":[{"start":{"line":30,"column":51},"end":{"line":30,"column":61}},{"start":{"line":30,"column":65},"end":{"line":30,"column":67}}],"line":30},"8":{"loc":{"start":{"line":33,"column":18},"end":{"line":101,"column":1}},"type":"binary-expr","locations":[{"start":{"line":33,"column":19},"end":{"line":33,"column":23}},{"start":{"line":33,"column":27},"end":{"line":33,"column":43}},{"start":{"line":33,"column":48},"end":{"line":101,"column":1}}],"line":33},"9":{"loc":{"start":{"line":34,"column":44},"end":{"line":35,"column":23}},"type":"if","locations":[{"start":{"line":34,"column":44},"end":{"line":35,"column":23}},{"start":{"line":34,"column":44},"end":{"line":35,"column":23}}],"line":34},"10":{"loc":{"start":{"line":36,"column":71},"end":{"line":36,"column":154}},"type":"binary-expr","locations":[{"start":{"line":36,"column":71},"end":{"line":36,"column":99}},{"start":{"line":36,"column":104},"end":{"line":36,"column":153}}],"line":36},"11":{"loc":{"start":{"line":39,"column":8},"end":{"line":40,"column":67}},"type":"if","locations":[{"start":{"line":39,"column":8},"end":{"line":40,"column":67}},{"start":{"line":39,"column":8},"end":{"line":40,"column":67}}],"line":39},"12":{"loc":{"start":{"line":43,"column":16},"end":{"line":44,"column":29}},"type":"if","locations":[{"start":{"line":43,"column":16},"end":{"line":44,"column":29}},{"start":{"line":43,"column":16},"end":{"line":44,"column":29}}],"line":43},"13":{"loc":{"start":{"line":43,"column":27},"end":{"line":43,"column":162}},"type":"binary-expr","locations":[{"start":{"line":43,"column":27},"end":{"line":43,"column":28}},{"start":{"line":43,"column":33},"end":{"line":43,"column":129}},{"start":{"line":43,"column":134},"end":{"line":43,"column":162}}],"line":43},"14":{"loc":{"start":{"line":43,"column":37},"end":{"line":43,"column":129}},"type":"cond-expr","locations":[{"start":{"line":43,"column":49},"end":{"line":43,"column":60}},{"start":{"line":43,"column":63},"end":{"line":43,"column":129}}],"line":43},"15":{"loc":{"start":{"line":43,"column":63},"end":{"line":43,"column":129}},"type":"cond-expr","locations":[{"start":{"line":43,"column":71},"end":{"line":43,"column":120}},{"start":{"line":43,"column":123},"end":{"line":43,"column":129}}],"line":43},"16":{"loc":{"start":{"line":43,"column":71},"end":{"line":43,"column":120}},"type":"binary-expr","locations":[{"start":{"line":43,"column":71},"end":{"line":43,"column":81}},{"start":{"line":43,"column":86},"end":{"line":43,"column":119}}],"line":43},"17":{"loc":{"start":{"line":43,"column":86},"end":{"line":43,"column":116}},"type":"binary-expr","locations":[{"start":{"line":43,"column":87},"end":{"line":43,"column":102}},{"start":{"line":43,"column":107},"end":{"line":43,"column":116}}],"line":43},"18":{"loc":{"start":{"line":45,"column":16},"end":{"line":46,"column":46}},"type":"if","locations":[{"start":{"line":45,"column":16},"end":{"line":46,"column":46}},{"start":{"line":45,"column":16},"end":{"line":46,"column":46}}],"line":45},"19":{"loc":{"start":{"line":47,"column":16},"end":{"line":87,"column":17}},"type":"switch","locations":[{"start":{"line":48,"column":20},"end":{"line":48,"column":27}},{"start":{"line":49,"column":20},"end":{"line":51,"column":30}},{"start":{"line":52,"column":20},"end":{"line":54,"column":61}},{"start":{"line":55,"column":20},"end":{"line":59,"column":33}},{"start":{"line":60,"column":20},"end":{"line":63,"column":33}},{"start":{"line":64,"column":20},"end":{"line":86,"column":33}}],"line":47},"20":{"loc":{"start":{"line":65,"column":24},"end":{"line":68,"column":25}},"type":"if","locations":[{"start":{"line":65,"column":24},"end":{"line":68,"column":25}},{"start":{"line":65,"column":24},"end":{"line":68,"column":25}}],"line":65},"21":{"loc":{"start":{"line":65,"column":28},"end":{"line":65,"column":110}},"type":"binary-expr","locations":[{"start":{"line":65,"column":28},"end":{"line":65,"column":78}},{"start":{"line":65,"column":83},"end":{"line":65,"column":94}},{"start":{"line":65,"column":98},"end":{"line":65,"column":109}}],"line":65},"22":{"loc":{"start":{"line":65,"column":46},"end":{"line":65,"column":77}},"type":"binary-expr","locations":[{"start":{"line":65,"column":46},"end":{"line":65,"column":58}},{"start":{"line":65,"column":62},"end":{"line":65,"column":77}}],"line":65},"23":{"loc":{"start":{"line":69,"column":24},"end":{"line":72,"column":25}},"type":"if","locations":[{"start":{"line":69,"column":24},"end":{"line":72,"column":25}},{"start":{"line":69,"column":24},"end":{"line":72,"column":25}}],"line":69},"24":{"loc":{"start":{"line":69,"column":28},"end":{"line":69,"column":81}},"type":"binary-expr","locations":[{"start":{"line":69,"column":28},"end":{"line":69,"column":39}},{"start":{"line":69,"column":44},"end":{"line":69,"column":46}},{"start":{"line":69,"column":51},"end":{"line":69,"column":63}},{"start":{"line":69,"column":67},"end":{"line":69,"column":79}}],"line":69},"25":{"loc":{"start":{"line":73,"column":24},"end":{"line":77,"column":25}},"type":"if","locations":[{"start":{"line":73,"column":24},"end":{"line":77,"column":25}},{"start":{"line":73,"column":24},"end":{"line":77,"column":25}}],"line":73},"26":{"loc":{"start":{"line":73,"column":28},"end":{"line":73,"column":57}},"type":"binary-expr","locations":[{"start":{"line":73,"column":28},"end":{"line":73,"column":39}},{"start":{"line":73,"column":43},"end":{"line":73,"column":57}}],"line":73},"27":{"loc":{"start":{"line":78,"column":24},"end":{"line":82,"column":25}},"type":"if","locations":[{"start":{"line":78,"column":24},"end":{"line":82,"column":25}},{"start":{"line":78,"column":24},"end":{"line":82,"column":25}}],"line":78},"28":{"loc":{"start":{"line":78,"column":28},"end":{"line":78,"column":47}},"type":"binary-expr","locations":[{"start":{"line":78,"column":28},"end":{"line":78,"column":29}},{"start":{"line":78,"column":33},"end":{"line":78,"column":47}}],"line":78},"29":{"loc":{"start":{"line":83,"column":24},"end":{"line":84,"column":40}},"type":"if","locations":[{"start":{"line":83,"column":24},"end":{"line":84,"column":40}},{"start":{"line":83,"column":24},"end":{"line":84,"column":40}}],"line":83},"30":{"loc":{"start":{"line":97,"column":8},"end":{"line":98,"column":24}},"type":"if","locations":[{"start":{"line":97,"column":8},"end":{"line":98,"column":24}},{"start":{"line":97,"column":8},"end":{"line":98,"column":24}}],"line":97},"31":{"loc":{"start":{"line":99,"column":24},"end":{"line":99,"column":46}},"type":"cond-expr","locations":[{"start":{"line":99,"column":32},"end":{"line":99,"column":37}},{"start":{"line":99,"column":40},"end":{"line":99,"column":46}}],"line":99},"32":{"loc":{"start":{"line":121,"column":12},"end":{"line":136,"column":13}},"type":"switch","locations":[{"start":{"line":122,"column":16},"end":{"line":132,"column":28}},{"start":{"line":133,"column":16},"end":{"line":135,"column":147}}],"line":121},"33":{"loc":{"start":{"line":143,"column":4},"end":{"line":155,"column":5}},"type":"switch","locations":[{"start":{"line":144,"column":8},"end":{"line":146,"column":37}},{"start":{"line":147,"column":8},"end":{"line":149,"column":37}},{"start":{"line":150,"column":8},"end":{"line":152,"column":38}},{"start":{"line":153,"column":8},"end":{"line":154,"column":22}}],"line":143},"34":{"loc":{"start":{"line":145,"column":51},"end":{"line":145,"column":188}},"type":"cond-expr","locations":[{"start":{"line":145,"column":166},"end":{"line":145,"column":172}},{"start":{"line":145,"column":175},"end":{"line":145,"column":188}}],"line":145},"35":{"loc":{"start":{"line":145,"column":51},"end":{"line":145,"column":163}},"type":"binary-expr","locations":[{"start":{"line":145,"column":51},"end":{"line":145,"column":146}},{"start":{"line":145,"column":150},"end":{"line":145,"column":163}}],"line":145},"36":{"loc":{"start":{"line":161,"column":12},"end":{"line":174,"column":13}},"type":"switch","locations":[{"start":{"line":162,"column":16},"end":{"line":169,"column":70}},{"start":{"line":170,"column":16},"end":{"line":172,"column":73}},{"start":{"line":173,"column":16},"end":{"line":173,"column":50}}],"line":161},"37":{"loc":{"start":{"line":163,"column":28},"end":{"line":163,"column":60}},"type":"binary-expr","locations":[{"start":{"line":163,"column":28},"end":{"line":163,"column":43}},{"start":{"line":163,"column":47},"end":{"line":163,"column":60}}],"line":163},"38":{"loc":{"start":{"line":167,"column":20},"end":{"line":168,"column":48}},"type":"if","locations":[{"start":{"line":167,"column":20},"end":{"line":168,"column":48}},{"start":{"line":167,"column":20},"end":{"line":168,"column":48}}],"line":167},"39":{"loc":{"start":{"line":186,"column":34},"end":{"line":186,"column":144}},"type":"cond-expr","locations":[{"start":{"line":186,"column":135},"end":{"line":186,"column":137}},{"start":{"line":186,"column":140},"end":{"line":186,"column":144}}],"line":186},"40":{"loc":{"start":{"line":186,"column":34},"end":{"line":186,"column":132}},"type":"binary-expr","locations":[{"start":{"line":186,"column":34},"end":{"line":186,"column":115}},{"start":{"line":186,"column":119},"end":{"line":186,"column":132}}],"line":186},"41":{"loc":{"start":{"line":186,"column":40},"end":{"line":186,"column":105}},"type":"cond-expr","locations":[{"start":{"line":186,"column":81},"end":{"line":186,"column":87}},{"start":{"line":186,"column":90},"end":{"line":186,"column":105}}],"line":186},"42":{"loc":{"start":{"line":186,"column":40},"end":{"line":186,"column":78}},"type":"binary-expr","locations":[{"start":{"line":186,"column":40},"end":{"line":186,"column":56}},{"start":{"line":186,"column":60},"end":{"line":186,"column":78}}],"line":186}},"s":{"0":1,"1":0,"2":0,"3":0,"4":0,"5":0,"6":0,"7":0,"8":0,"9":0,"10":0,"11":1,"12":0,"13":0,"14":0,"15":0,"16":0,"17":0,"18":0,"19":0,"20":0,"21":0,"22":0,"23":1,"24":0,"25":0,"26":0,"27":0,"28":0,"29":0,"30":0,"31":0,"32":0,"33":0,"34":0,"35":0,"36":0,"37":0,"38":0,"39":0,"40":0,"41":0,"42":0,"43":0,"44":0,"45":0,"46":0,"47":0,"48":0,"49":0,"50":0,"51":0,"52":0,"53":0,"54":0,"55":0,"56":0,"57":0,"58":0,"59":0,"60":0,"61":0,"62":0,"63":0,"64":0,"65":0,"66":0,"67":0,"68":0,"69":0,"70":0,"71":0,"72":0,"73":0,"74":0,"75":0,"76":0,"77":1,"78":1,"79":1,"80":1,"81":1,"82":1,"83":0,"84":0,"85":0,"86":0,"87":1,"88":0,"89":0,"90":0,"91":0,"92":0,"93":0,"94":0,"95":0,"96":0,"97":0,"98":0,"99":1,"100":0,"101":0,"102":0,"103":0,"104":0,"105":0,"106":0,"107":0,"108":0,"109":0,"110":0,"111":0,"112":0,"113":0,"114":0,"115":0,"116":0,"117":0,"118":0,"119":0,"120":0,"121":1,"122":0,"123":0,"124":0,"125":0,"126":0,"127":0,"128":1},"f":{"0":0,"1":0,"2":0,"3":0,"4":0,"5":0,"6":0,"7":0,"8":0,"9":0,"10":0,"11":0,"12":0,"13":0,"14":0,"15":0,"16":0,"17":0,"18":0,"19":0,"20":0,"21":0,"22":0,"23":0,"24":0,"25":0,"26":0,"27":0,"28":0,"29":0,"30":0},"b":{"0":[1,1,1],"1":[0,0],"2":[0,0],"3":[1,1,1],"4":[0,0],"5":[0,0],"6":[0,0],"7":[0,0],"8":[1,1,1],"9":[0,0],"10":[0,0],"11":[0,0],"12":[0,0],"13":[0,0,0],"14":[0,0],"15":[0,0],"16":[0,0],"17":[0,0],"18":[0,0],"19":[0,0,0,0,0,0],"20":[0,0],"21":[0,0,0],"22":[0,0],"23":[0,0],"24":[0,0,0,0],"25":[0,0],"26":[0,0],"27":[0,0],"28":[0,0],"29":[0,0],"30":[0,0],"31":[0,0],"32":[0,0],"33":[0,0,0,0],"34":[0,0],"35":[0,0],"36":[0,0,0],"37":[0,0],"38":[0,0],"39":[0,0],"40":[0,0],"41":[0,0],"42":[0,0]},"inputSourceMap":{"version":3,"file":"/Users/abs/Documents/github/httpuppy/lib/internal/config/argv.js","sources":["/Users/abs/Documents/github/httpuppy/lib/internal/config/argv.js"],"names":[],"mappings":"AAAA,YAAY,CAAC;AACb,IAAI,QAAQ,GAAG,CAAC,IAAI,IAAI,IAAI,CAAC,QAAQ,CAAC,IAAI;IACtC,QAAQ,GAAG,MAAM,CAAC,MAAM,IAAI,UAAS,CAAC;QAClC,KAAK,IAAI,CAAC,EAAE,CAAC,GAAG,CAAC,EAAE,CAAC,GAAG,SAAS,CAAC,MAAM,EAAE,CAAC,GAAG,CAAC,EAAE,CAAC,EAAE,EAAE;YACjD,CAAC,GAAG,SAAS,CAAC,CAAC,CAAC,CAAC;YACjB,KAAK,IAAI,CAAC,IAAI,CAAC;gBAAE,IAAI,MAAM,CAAC,SAAS,CAAC,cAAc,CAAC,IAAI,CAAC,CAAC,EAAE,CAAC,CAAC;oBAC3D,CAAC,CAAC,CAAC,CAAC,GAAG,CAAC,CAAC,CAAC,CAAC,CAAC;SACnB;QACD,OAAO,CAAC,CAAC;IACb,CAAC,CAAC;IACF,OAAO,QAAQ,CAAC,KAAK,CAAC,IAAI,EAAE,SAAS,CAAC,CAAC;AAC3C,CAAC,CAAC;AACF,IAAI,SAAS,GAAG,CAAC,IAAI,IAAI,IAAI,CAAC,SAAS,CAAC,IAAI,UAAU,OAAO,EAAE,UAAU,EAAE,CAAC,EAAE,SAAS;IACnF,SAAS,KAAK,CAAC,KAAK,IAAI,OAAO,KAAK,YAAY,CAAC,CAAC,CAAC,CAAC,KAAK,CAAC,CAAC,CAAC,IAAI,CAAC,CAAC,UAAU,OAAO,IAAI,OAAO,CAAC,KAAK,CAAC,CAAC,CAAC,CAAC,CAAC,CAAC,CAAC,CAAC;IAC5G,OAAO,IAAI,CAAC,CAAC,IAAI,CAAC,CAAC,GAAG,OAAO,CAAC,CAAC,CAAC,UAAU,OAAO,EAAE,MAAM;QACrD,SAAS,SAAS,CAAC,KAAK,IAAI,IAAI;YAAE,IAAI,CAAC,SAAS,CAAC,IAAI,CAAC,KAAK,CAAC,CAAC,CAAC;SAAE;QAAC,OAAO,CAAC,EAAE;YAAE,MAAM,CAAC,CAAC,CAAC,CAAC;SAAE,CAAC,CAAC;QAC3F,SAAS,QAAQ,CAAC,KAAK,IAAI,IAAI;YAAE,IAAI,CAAC,SAAS,CAAC,OAAO,CAAC,CAAC,KAAK,CAAC,CAAC,CAAC;SAAE;QAAC,OAAO,CAAC,EAAE;YAAE,MAAM,CAAC,CAAC,CAAC,CAAC;SAAE,CAAC,CAAC;QAC9F,SAAS,IAAI,CAAC,MAAM,IAAI,MAAM,CAAC,IAAI,CAAC,CAAC,CAAC,OAAO,CAAC,MAAM,CAAC,KAAK,CAAC,CAAC,CAAC,CAAC,KAAK,CAAC,MAAM,CAAC,KAAK,CAAC,CAAC,IAAI,CAAC,SAAS,EAAE,QAAQ,CAAC,CAAC,CAAC,CAAC;QAC9G,IAAI,CAAC,CAAC,SAAS,GAAG,SAAS,CAAC,KAAK,CAAC,OAAO,EAAE,UAAU,IAAI,EAAE,CAAC,CAAC,CAAC,IAAI,EAAE,CAAC,CAAC;IAC1E,CAAC,CAAC,CAAC;AACP,CAAC,CAAC;AACF,IAAI,WAAW,GAAG,CAAC,IAAI,IAAI,IAAI,CAAC,WAAW,CAAC,IAAI,UAAU,OAAO,EAAE,IAAI;IACnE,IAAI,CAAC,GAAG,EAAE,KAAK,EAAE,CAAC,EAAE,IAAI,EAAE,cAAa,IAAI,CAAC,CAAC,CAAC,CAAC,GAAG,CAAC;YAAE,MAAM,CAAC,CAAC,CAAC,CAAC,CAAC,CAAC,OAAO,CAAC,CAAC,CAAC,CAAC,CAAC,CAAC,CAAC,EAAE,IAAI,EAAE,EAAE,EAAE,GAAG,EAAE,EAAE,EAAE,EAAE,CAAC,EAAE,CAAC,EAAE,CAAC,EAAE,CAAC,CAAC;IACjH,OAAO,CAAC,GAAG,EAAE,IAAI,EAAE,IAAI,CAAC,CAAC,CAAC,EAAE,OAAO,EAAE,IAAI,CAAC,CAAC,CAAC,EAAE,QAAQ,EAAE,IAAI,CAAC,CAAC,CAAC,EAAE,EAAE,OAAO,MAAM,KAAK,UAAU,IAAI,CAAC,CAAC,CAAC,MAAM,CAAC,QAAQ,CAAC,GAAG,cAAa,OAAO,IAAI,CAAC,CAAC,CAAC,CAAC,EAAE,CAAC,CAAC;IACzJ,SAAS,IAAI,CAAC,CAAC,IAAI,OAAO,UAAU,CAAC,IAAI,OAAO,IAAI,CAAC,CAAC,CAAC,EAAE,CAAC,CAAC,CAAC,CAAC,CAAC,CAAC,CAAC,CAAC,CAAC;IAClE,SAAS,IAAI,CAAC,EAAE;QACZ,IAAI,CAAC;YAAE,MAAM,IAAI,SAAS,CAAC,iCAAiC,CAAC,CAAC;QAC9D,OAAO,CAAC;YAAE,IAAI;gBACV,IAAI,CAAC,GAAG,CAAC,EAAE,CAAC,IAAI,CAAC,CAAC,GAAG,EAAE,CAAC,CAAC,CAAC,GAAG,CAAC,CAAC,CAAC,CAAC,CAAC,CAAC,QAAQ,CAAC,CAAC,CAAC,CAAC,EAAE,CAAC,CAAC,CAAC,CAAC,CAAC,CAAC,CAAC,CAAC,OAAO,CAAC,IAAI,CAAC,CAAC,CAAC,GAAG,CAAC,CAAC,QAAQ,CAAC,CAAC,IAAI,CAAC,CAAC,IAAI,CAAC,CAAC,CAAC,EAAE,CAAC,CAAC,CAAC,CAAC,CAAC,CAAC,CAAC,IAAI,CAAC,IAAI,CAAC,CAAC,CAAC,GAAG,CAAC,CAAC,IAAI,CAAC,CAAC,EAAE,EAAE,CAAC,CAAC,CAAC,CAAC,CAAC,CAAC,IAAI;oBAAE,OAAO,CAAC,CAAC;gBAC7J,IAAI,CAAC,GAAG,CAAC,EAAE,CAAC;oBAAE,EAAE,GAAG,CAAC,EAAE,CAAC,CAAC,CAAC,GAAG,CAAC,EAAE,CAAC,CAAC,KAAK,CAAC,CAAC;gBACxC,QAAQ,EAAE,CAAC,CAAC,CAAC,EAAE;oBACX,KAAK,CAAC,CAAC;oBAAC,KAAK,CAAC;wBAAE,CAAC,GAAG,EAAE,CAAC;wBAAC,MAAM;oBAC9B,KAAK,CAAC;wBAAE,CAAC,CAAC,KAAK,EAAE,CAAC;wBAAC,OAAO,EAAE,KAAK,EAAE,EAAE,CAAC,CAAC,CAAC,EAAE,IAAI,EAAE,KAAK,EAAE,CAAC;oBACxD,KAAK,CAAC;wBAAE,CAAC,CAAC,KAAK,EAAE,CAAC;wBAAC,CAAC,GAAG,EAAE,CAAC,CAAC,CAAC,CAAC;wBAAC,EAAE,GAAG,CAAC,CAAC,CAAC,CAAC;wBAAC,SAAS;oBACjD,KAAK,CAAC;wBAAE,EAAE,GAAG,CAAC,CAAC,GAAG,CAAC,GAAG,EAAE,CAAC;wBAAC,CAAC,CAAC,IAAI,CAAC,GAAG,EAAE,CAAC;wBAAC,SAAS;oBACjD;wBACI,IAAI,CAAC,CAAC,CAAC,GAAG,CAAC,CAAC,IAAI,EAAE,CAAC,GAAG,CAAC,CAAC,MAAM,GAAG,CAAC,IAAI,CAAC,CAAC,CAAC,CAAC,MAAM,GAAG,CAAC,CAAC,CAAC,IAAI,CAAC,EAAE,CAAC,CAAC,CAAC,KAAK,CAAC,IAAI,EAAE,CAAC,CAAC,CAAC,KAAK,CAAC,CAAC,EAAE;4BAAE,CAAC,GAAG,CAAC,CAAC;4BAAC,SAAS;yBAAE;wBAC5G,IAAI,EAAE,CAAC,CAAC,CAAC,KAAK,CAAC,IAAI,CAAC,CAAC,CAAC,IAAI,CAAC,EAAE,CAAC,CAAC,CAAC,GAAG,CAAC,CAAC,CAAC,CAAC,IAAI,EAAE,CAAC,CAAC,CAAC,GAAG,CAAC,CAAC,CAAC,CAAC,CAAC,CAAC,EAAE;4BAAE,CAAC,CAAC,KAAK,GAAG,EAAE,CAAC,CAAC,CAAC,CAAC;4BAAC,MAAM;yBAAE;wBACtF,IAAI,EAAE,CAAC,CAAC,CAAC,KAAK,CAAC,IAAI,CAAC,CAAC,KAAK,GAAG,CAAC,CAAC,CAAC,CAAC,EAAE;4BAAE,CAAC,CAAC,KAAK,GAAG,CAAC,CAAC,CAAC,CAAC,CAAC;4BAAC,CAAC,GAAG,EAAE,CAAC;4BAAC,MAAM;yBAAE;wBACrE,IAAI,CAAC,IAAI,CAAC,CAAC,KAAK,GAAG,CAAC,CAAC,CAAC,CAAC,EAAE;4BAAE,CAAC,CAAC,KAAK,GAAG,CAAC,CAAC,CAAC,CAAC,CAAC;4BAAC,CAAC,CAAC,GAAG,CAAC,IAAI,CAAC,EAAE,CAAC,CAAC;4BAAC,MAAM;yBAAE;wBACnE,IAAI,CAAC,CAAC,CAAC,CAAC;4BAAE,CAAC,CAAC,GAAG,CAAC,GAAG,EAAE,CAAC;wBACtB,CAAC,CAAC,IAAI,CAAC,GAAG,EAAE,CAAC;wBAAC,SAAS;iBAC9B;gBACD,EAAE,GAAG,IAAI,CAAC,IAAI,CAAC,OAAO,EAAE,CAAC,CAAC,CAAC;aAC9B;YAAC,OAAO,CAAC,EAAE;gBAAE,EAAE,GAAG,CAAC,CAAC,EAAE,CAAC,CAAC,CAAC;gBAAC,CAAC,GAAG,CAAC,CAAC;aAAE;oBAAS;gBAAE,CAAC,GAAG,CAAC,GAAG,CAAC,CAAC;aAAE;QAC1D,IAAI,EAAE,CAAC,CAAC,CAAC,GAAG,CAAC;YAAE,MAAM,EAAE,CAAC,CAAC,CAAC,CAAC;QAAC,OAAO,EAAE,KAAK,EAAE,EAAE,CAAC,CAAC,CAAC,CAAC,CAAC,CAAC,EAAE,CAAC,CAAC,CAAC,CAAC,CAAC,CAAC,KAAK,CAAC,EAAE,IAAI,EAAE,IAAI,EAAE,CAAC;IACrF,CAAC;AACL,CAAC,CAAC;AACF,OAAO,CAAC,UAAU,GAAG,IAAI,CAAC;AAC1B,OAAO,CAAC,oBAAoB,GAAG,OAAO,CAAC,kBAAkB,GAAG,OAAO,CAAC,oBAAoB,GAAG,OAAO,CAAC,eAAe,GAAG,KAAK,CAAC,CAAC;AAC5H;;GAEG;AACH,IAAI,MAAM,GAAG,OAAO,CAAC,MAAM,CAAC,CAAC;AAC7B,IAAI,UAAU,GAAG,OAAO,CAAC,UAAU,CAAC,CAAC;AACrC,IAAI,UAAU,GAAG,OAAO,CAAC,YAAY,CAAC,CAAC;AACvC,IAAI,IAAI,GAAG,OAAO,CAAC,IAAI,CAAC,CAAC;AACzB,SAAS,eAAe,CAAC,CAAC;IACtB,IAAI,QAAQ,GAAG,CAAC,CAAC,EAAE,IAAI,CAAC,WAAW,CAAC,CAAC,CAAC,CAAC,CAAC;IACxC,IAAI,OAAO,GAAG,UAAU,CAAC,mBAAmB,CAAC,MAAM,CAAC,UAAU,OAAO,IAAI,OAAO,QAAQ,CAAC,QAAQ,CAAC,OAAO,CAAC,QAAQ,CAAC,CAAC,CAAC,CAAC,CAAC,CAAC;IACxH,OAAO,OAAO,CAAC,MAAM,CAAC;AAC1B,CAAC;AACD,OAAO,CAAC,eAAe,GAAG,eAAe,CAAC;AAC1C,SAAS,oBAAoB,CAAC,CAAC;IAC3B,OAAO,SAAS,CAAC,IAAI,EAAE,KAAK,CAAC,EAAE,KAAK,CAAC,EAAE;QACnC,IAAI,QAAQ,EAAE,OAAO,EAAE,YAAY,CAAC;QACpC,OAAO,WAAW,CAAC,IAAI,EAAE,UAAU,EAAE;YACjC,QAAQ,EAAE,CAAC,KAAK,EAAE;gBACd,KAAK,CAAC;oBACF,QAAQ,GAAG,CAAC,CAAC,EAAE,IAAI,CAAC,WAAW,CAAC,CAAC,CAAC,CAAC,CAAC;oBACpC,OAAO,GAAG,UAAU,CAAC,mBAAmB,CAAC,MAAM,CAAC,UAAU,OAAO,IAAI,OAAO,QAAQ,CAAC,QAAQ,CAAC,OAAO,CAAC,QAAQ,CAAC,CAAC,CAAC,CAAC,CAAC,CAAC;oBACpH,OAAO,CAAC,CAAC,CAAC,SAAS,EAAE,CAAC,CAAC,EAAE,UAAU,CAAC,MAAM,CAAC,CAAC;4BACpC;gCACI,IAAI,EAAE,MAAM;gCACZ,IAAI,EAAE,cAAc;gCACpB,OAAO,EAAE,6BAA6B;gCACtC,OAAO,EAAE,OAAO,CAAC,GAAG,CAAC,UAAU,KAAK,IAAI,OAAO,KAAK,CAAC,QAAQ,CAAC,CAAC,CAAC,CAAC;6BACpE;yBACJ,CAAC,CAAC,CAAC;gBACZ,KAAK,CAAC;oBACF,YAAY,GAAG,CAAC,EAAE,CAAC,IAAI,EAAE,CAAC,CAAC,YAAY,CAAC;oBACxC,OAAO,CAAC,CAAC,CAAC,UAAU,EAAE,UAAU,CAAC,mBAAmB,CAAC,MAAM,CAAC,UAAU,GAAG,IAAI,OAAO,GAAG,CAAC,QAAQ,KAAK,YAAY,CAAC,CAAC,CAAC,CAAC,CAAC,KAAK,EAAE,CAAC,CAAC;aACtI;QACL,CAAC,CAAC,CAAC;IACP,CAAC,CAAC,CAAC;AACP,CAAC;AACD,OAAO,CAAC,oBAAoB,GAAG,oBAAoB,CAAC;AACpD,SAAS,iBAAiB,CAAC,UAAU;IACjC,IAAI,EAAE,CAAC;IACP,QAAQ,UAAU,CAAC,QAAQ,EAAE;QACzB,KAAK,KAAK;YACN,IAAI,GAAG,GAAG,CAAC,CAAC,EAAE,UAAU,CAAC,YAAY,CAAC,CAAC,CAAC,EAAE,GAAG,CAAC,CAAC,EAAE,IAAI,CAAC,YAAY,CAAC,CAAC,CAAC,CAAC,EAAE,MAAM,CAAC,OAAO,CAAC,CAAC,OAAO,CAAC,GAAG,EAAE,EAAE,UAAU,CAAC,QAAQ,CAAC,CAAC,CAAC,KAAK,IAAI,IAAI,EAAE,KAAK,KAAK,CAAC,CAAC,CAAC,CAAC,KAAK,CAAC,CAAC,CAAC,CAAC,EAAE,CAAC,QAAQ,EAAE,CAAC,CAAC;YAClL,OAAO,QAAQ,CAAC,EAAE,EAAE,GAAG,CAAC,CAAC;QAC7B,KAAK,KAAK;YACN,IAAI,GAAG,GAAG,CAAC,CAAC,EAAE,UAAU,CAAC,aAAa,CAAC,CAAC,CAAC,CAAC,EAAE,MAAM,CAAC,OAAO,CAAC,CAAC,OAAO,CAAC,GAAG,EAAE,EAAE,UAAU,CAAC,QAAQ,CAAC,CAAC,CAAC;YACjG,OAAO,QAAQ,CAAC,EAAE,EAAE,GAAG,CAAC,CAAC;QAC7B,KAAK,MAAM;YACP,IAAI,IAAI,GAAG,CAAC,CAAC,EAAE,UAAU,CAAC,OAAO,CAAC,CAAC,CAAC,CAAC,EAAE,MAAM,CAAC,OAAO,CAAC,CAAC,OAAO,CAAC,GAAG,EAAE,EAAE,UAAU,CAAC,QAAQ,CAAC,CAAC,CAAC;YAC5F,OAAO,QAAQ,CAAC,EAAE,EAAE,IAAI,CAAC,CAAC;QAC9B;YACI,OAAO,EAAE,CAAC;KACjB;AACL,CAAC;AACD,SAAS,kBAAkB;IACvB,OAAO,SAAS,CAAC,IAAI,EAAE,KAAK,CAAC,EAAE,KAAK,CAAC,EAAE;QACnC,IAAI,KAAK,EAAE,OAAO,EAAE,UAAU,CAAC;QAC/B,OAAO,WAAW,CAAC,IAAI,EAAE,UAAU,EAAE;YACjC,QAAQ,EAAE,CAAC,KAAK,EAAE;gBACd,KAAK,CAAC;oBACF,KAAK,GAAG,OAAO,CAAC,IAAI,CAAC,CAAC,CAAC,IAAI,OAAO,CAAC,GAAG,EAAE,CAAC;oBACzC,OAAO,GAAG,eAAe,CAAC,KAAK,CAAC,CAAC;oBACjC,OAAO,CAAC,GAAG,CAAC,8BAA8B,CAAC,CAAC;oBAC5C,OAAO,CAAC,GAAG,CAAC,KAAK,CAAC,CAAC;oBACnB,IAAI,CAAC,CAAC,OAAO,IAAI,CAAC,CAAC;wBAAE,OAAO,CAAC,CAAC,CAAC,SAAS,EAAE,CAAC,CAAC,CAAC;oBAC7C,OAAO,CAAC,CAAC,CAAC,SAAS,EAAE,oBAAoB,CAAC,KAAK,CAAC,CAAC,CAAC;gBACtD,KAAK,CAAC;oBACF,UAAU,GAAG,EAAE,CAAC,IAAI,EAAE,CAAC;oBACvB,OAAO,CAAC,CAAC,CAAC,UAAU,EAAE,iBAAiB,CAAC,UAAU,CAAC,CAAC,CAAC;gBACzD,KAAK,CAAC,CAAC,CAAC,OAAO,CAAC,CAAC,CAAC,UAAU,EAAE,EAAE,CAAC,CAAC;aACrC;QACL,CAAC,CAAC,CAAC;IACP,CAAC,CAAC,CAAC;AACP,CAAC;AACD,OAAO,CAAC,kBAAkB,GAAG,kBAAkB,CAAC;AAChD,SAAS,oBAAoB,CAAC,CAAC;IAC3B,IAAI,EAAE,CAAC;IACP,OAAO,SAAS,CAAC,IAAI,EAAE,KAAK,CAAC,EAAE,KAAK,CAAC,EAAE;QACnC,IAAI,QAAQ,EAAE,OAAO,CAAC;QACtB,OAAO,WAAW,CAAC,IAAI,EAAE,UAAU,EAAE;YACjC,QAAQ,GAAG,CAAC,CAAC,EAAE,IAAI,CAAC,WAAW,CAAC,CAAC,CAAC,CAAC,CAAC;YACpC,OAAO,GAAG,UAAU,CAAC,mBAAmB,CAAC,MAAM,CAAC,UAAU,OAAO,IAAI,OAAO,QAAQ,CAAC,QAAQ,CAAC,OAAO,CAAC,QAAQ,CAAC,CAAC,CAAC,CAAC,CAAC,CAAC;YACpH,OAAO,CAAC,CAAC,CAAC,UAAU,EAAE,CAAC,EAAE,GAAG,OAAO,KAAK,IAAI,IAAI,OAAO,KAAK,KAAK,CAAC,CAAC,CAAC,CAAC,KAAK,CAAC,CAAC,CAAC,CAAC,OAAO,CAAC,KAAK,EAAE,CAAC,KAAK,IAAI,IAAI,EAAE,KAAK,KAAK,CAAC,CAAC,CAAC,CAAC,EAAE,CAAC,CAAC,CAAC,IAAI,CAAC,CAAC;QAC1I,CAAC,CAAC,CAAC;IACP,CAAC,CAAC,CAAC;AACP,CAAC;AACD,OAAO,CAAC,oBAAoB,GAAG,oBAAoB,CAAC","sourcesContent":["\"use strict\";\nvar __assign = (this && this.__assign) || function () {\n    __assign = Object.assign || function(t) {\n        for (var s, i = 1, n = arguments.length; i < n; i++) {\n            s = arguments[i];\n            for (var p in s) if (Object.prototype.hasOwnProperty.call(s, p))\n                t[p] = s[p];\n        }\n        return t;\n    };\n    return __assign.apply(this, arguments);\n};\nvar __awaiter = (this && this.__awaiter) || function (thisArg, _arguments, P, generator) {\n    function adopt(value) { return value instanceof P ? value : new P(function (resolve) { resolve(value); }); }\n    return new (P || (P = Promise))(function (resolve, reject) {\n        function fulfilled(value) { try { step(generator.next(value)); } catch (e) { reject(e); } }\n        function rejected(value) { try { step(generator[\"throw\"](value)); } catch (e) { reject(e); } }\n        function step(result) { result.done ? resolve(result.value) : adopt(result.value).then(fulfilled, rejected); }\n        step((generator = generator.apply(thisArg, _arguments || [])).next());\n    });\n};\nvar __generator = (this && this.__generator) || function (thisArg, body) {\n    var _ = { label: 0, sent: function() { if (t[0] & 1) throw t[1]; return t[1]; }, trys: [], ops: [] }, f, y, t, g;\n    return g = { next: verb(0), \"throw\": verb(1), \"return\": verb(2) }, typeof Symbol === \"function\" && (g[Symbol.iterator] = function() { return this; }), g;\n    function verb(n) { return function (v) { return step([n, v]); }; }\n    function step(op) {\n        if (f) throw new TypeError(\"Generator is already executing.\");\n        while (_) try {\n            if (f = 1, y && (t = op[0] & 2 ? y[\"return\"] : op[0] ? y[\"throw\"] || ((t = y[\"return\"]) && t.call(y), 0) : y.next) && !(t = t.call(y, op[1])).done) return t;\n            if (y = 0, t) op = [op[0] & 2, t.value];\n            switch (op[0]) {\n                case 0: case 1: t = op; break;\n                case 4: _.label++; return { value: op[1], done: false };\n                case 5: _.label++; y = op[1]; op = [0]; continue;\n                case 7: op = _.ops.pop(); _.trys.pop(); continue;\n                default:\n                    if (!(t = _.trys, t = t.length > 0 && t[t.length - 1]) && (op[0] === 6 || op[0] === 2)) { _ = 0; continue; }\n                    if (op[0] === 3 && (!t || (op[1] > t[0] && op[1] < t[3]))) { _.label = op[1]; break; }\n                    if (op[0] === 6 && _.label < t[1]) { _.label = t[1]; t = op; break; }\n                    if (t && _.label < t[2]) { _.label = t[2]; _.ops.push(op); break; }\n                    if (t[2]) _.ops.pop();\n                    _.trys.pop(); continue;\n            }\n            op = body.call(thisArg, _);\n        } catch (e) { op = [6, e]; y = 0; } finally { f = t = 0; }\n        if (op[0] & 5) throw op[1]; return { value: op[0] ? op[1] : void 0, done: true };\n    }\n};\nexports.__esModule = true;\nexports.useValidConfigOption = exports.useCLIConfigFinder = exports.useMultiConfigPrompt = exports.checkNumConfigs = void 0;\n/**\n * @internal\n */\nvar path_1 = require(\"path\");\nvar inquirer_1 = require(\"inquirer\");\nvar conf_map_1 = require(\"./conf-map\");\nvar fs_1 = require(\"fs\");\nfunction checkNumConfigs(p) {\n    var fileList = (0, fs_1.readdirSync)(p);\n    var matches = conf_map_1.CONFIG_FILE_OPTIONS.filter(function (fileOpt) { return fileList.includes(fileOpt.fileName); });\n    return matches.length;\n}\nexports.checkNumConfigs = checkNumConfigs;\nfunction useMultiConfigPrompt(p) {\n    return __awaiter(this, void 0, void 0, function () {\n        var fileList, matches, fileSelected;\n        return __generator(this, function (_a) {\n            switch (_a.label) {\n                case 0:\n                    fileList = (0, fs_1.readdirSync)(p);\n                    matches = conf_map_1.CONFIG_FILE_OPTIONS.filter(function (fileOpt) { return fileList.includes(fileOpt.fileName); });\n                    return [4 /*yield*/, (0, inquirer_1.prompt)([\n                            {\n                                type: 'list',\n                                name: 'fileSelected',\n                                message: 'choose config found in root',\n                                choices: matches.map(function (match) { return match.fileName; })\n                            }\n                        ])];\n                case 1:\n                    fileSelected = (_a.sent()).fileSelected;\n                    return [2 /*return*/, conf_map_1.CONFIG_FILE_OPTIONS.filter(function (opt) { return opt.fileName === fileSelected; }).shift()];\n            }\n        });\n    });\n}\nexports.useMultiConfigPrompt = useMultiConfigPrompt;\nfunction _switchConfigType(foundMatch) {\n    var _a;\n    switch (foundMatch.fileType) {\n        case 'ini':\n            var ini = (0, conf_map_1.useINIToJSON)((_a = (0, fs_1.readFileSync)((0, path_1.resolve)(process.cwd(), foundMatch.fileName))) === null || _a === void 0 ? void 0 : _a.toString());\n            return __assign({}, ini);\n        case 'yml':\n            var yml = (0, conf_map_1.useYAMLToJSON)((0, path_1.resolve)(process.cwd(), foundMatch.fileName));\n            return __assign({}, yml);\n        case 'json':\n            var json = (0, conf_map_1.useJSON)((0, path_1.resolve)(process.cwd(), foundMatch.fileName));\n            return __assign({}, json);\n        default:\n            return {};\n    }\n}\nfunction useCLIConfigFinder() {\n    return __awaiter(this, void 0, void 0, function () {\n        var cPath, configs, foundMatch;\n        return __generator(this, function (_a) {\n            switch (_a.label) {\n                case 0:\n                    cPath = process.argv[2] || process.cwd();\n                    configs = checkNumConfigs(cPath);\n                    console.log('checking for config in path:');\n                    console.log(cPath);\n                    if (!(configs >= 1)) return [3 /*break*/, 2];\n                    return [4 /*yield*/, useMultiConfigPrompt(cPath)];\n                case 1:\n                    foundMatch = _a.sent();\n                    return [2 /*return*/, _switchConfigType(foundMatch)];\n                case 2: return [2 /*return*/, {}];\n            }\n        });\n    });\n}\nexports.useCLIConfigFinder = useCLIConfigFinder;\nfunction useValidConfigOption(p) {\n    var _a;\n    return __awaiter(this, void 0, void 0, function () {\n        var fileList, matches;\n        return __generator(this, function (_b) {\n            fileList = (0, fs_1.readdirSync)(p);\n            matches = conf_map_1.CONFIG_FILE_OPTIONS.filter(function (fileOpt) { return fileList.includes(fileOpt.fileName); });\n            return [2 /*return*/, (_a = matches === null || matches === void 0 ? void 0 : matches.shift()) !== null && _a !== void 0 ? _a : null];\n        });\n    });\n}\nexports.useValidConfigOption = useValidConfigOption;\n"]},"_coverageSchema":"1a1c01bbd47fc00a2c39e90264f33305004495a9","hash":"0e514d530833560506dd3255d42cadb561a01246","contentHash":"2db1f6b2be070a1496383139e06525077506c8e3a58daa3b91c49970d921990c"},"/Users/abs/Documents/github/httpuppy/lib/internal/config/conf-map.js":{"path":"/Users/abs/Documents/github/httpuppy/lib/internal/config/conf-map.js","statementMap":{"0":{"start":{"line":2,"column":20},"end":{"line":12,"column":1}},"1":{"start":{"line":3,"column":4},"end":{"line":10,"column":9}},"2":{"start":{"line":4,"column":8},"end":{"line":10,"column":9}},"3":{"start":{"line":4,"column":21},"end":{"line":4,"column":22}},"4":{"start":{"line":4,"column":28},"end":{"line":4,"column":39}},"5":{"start":{"line":5,"column":12},"end":{"line":9,"column":13}},"6":{"start":{"line":6,"column":16},"end":{"line":7,"column":64}},"7":{"start":{"line":7,"column":20},"end":{"line":7,"column":64}},"8":{"start":{"line":8,"column":16},"end":{"line":8,"column":32}},"9":{"start":{"line":11,"column":4},"end":{"line":11,"column":61}},"10":{"start":{"line":13,"column":22},"end":{"line":15,"column":1}},"11":{"start":{"line":14,"column":4},"end":{"line":14,"column":62}},"12":{"start":{"line":16,"column":0},"end":{"line":16,"column":26}},"13":{"start":{"line":17,"column":0},"end":{"line":17,"column":147}},"14":{"start":{"line":22,"column":13},"end":{"line":22,"column":45}},"15":{"start":{"line":23,"column":11},"end":{"line":23,"column":24}},"16":{"start":{"line":30,"column":14},"end":{"line":41,"column":1}},"17":{"start":{"line":31,"column":4},"end":{"line":40,"column":6}},"18":{"start":{"line":42,"column":0},"end":{"line":42,"column":26}},"19":{"start":{"line":43,"column":0},"end":{"line":72,"column":2}},"20":{"start":{"line":73,"column":0},"end":{"line":94,"column":233}},"21":{"start":{"line":97,"column":24},"end":{"line":97,"column":43}},"22":{"start":{"line":98,"column":23},"end":{"line":98,"column":54}},"23":{"start":{"line":99,"column":15},"end":{"line":99,"column":17}},"24":{"start":{"line":100,"column":16},"end":{"line":100,"column":73}},"25":{"start":{"line":103,"column":4},"end":{"line":108,"column":5}},"26":{"start":{"line":103,"column":17},"end":{"line":103,"column":18}},"27":{"start":{"line":103,"column":26},"end":{"line":103,"column":84}},"28":{"start":{"line":1
[...]
"if","locations":[{"start":{"line":6,"column":4},"end":{"line":8,"column":5}},{"start":{"line":6,"column":4},"end":{"line":8,"column":5}}],"line":6},"4":{"loc":{"start":{"line":6,"column":8},"end":{"line":6,"column":85}},"type":"binary-expr","locations":[{"start":{"line":6,"column":8},"end":{"line":6,"column":13}},{"start":{"line":6,"column":18},"end":{"line":6,"column":84}}],"line":6},"5":{"loc":{"start":{"line":6,"column":18},"end":{"line":6,"column":84}},"type":"cond-expr","locations":[{"start":{"line":6,"column":34},"end":{"line":6,"column":47}},{"start":{"line":6,"column":50},"end":{"line":6,"column":84}}],"line":6},"6":{"loc":{"start":{"line":6,"column":50},"end":{"line":6,"column":84}},"type":"binary-expr","locations":[{"start":{"line":6,"column":50},"end":{"line":6,"column":63}},{"start":{"line":6,"column":67},"end":{"line":6,"column":84}}],"line":6},"7":{"loc":{"start":{"line":11,"column":4},"end":{"line":12,"column":15}},"type":"if","locations":[{"start":{"line":11,"column":4},"end":{"line":12,"column":15}},{"start":{"line":11,"column":4},"end":{"line":12,"column":15}}],"line":11},"8":{"loc":{"start":{"line":15,"column":19},"end":{"line":19,"column":1}},"type":"binary-expr","locations":[{"start":{"line":15,"column":20},"end":{"line":15,"column":24}},{"start":{"line":15,"column":28},"end":{"line":15,"column":45}},{"start":{"line":15,"column":50},"end":{"line":19,"column":1}}],"line":15},"9":{"loc":{"start":{"line":17,"column":8},"end":{"line":18,"column":43}},"type":"if","locations":[{"start":{"line":17,"column":8},"end":{"line":18,"column":43}},{"start":{"line":17,"column":8},"end":{"line":18,"column":43}}],"line":17},"10":{"loc":{"start":{"line":17,"column":12},"end":{"line":17,"column":80}},"type":"binary-expr","locations":[{"start":{"line":17,"column":12},"end":{"line":17,"column":27}},{"start":{"line":17,"column":31},"end":{"line":17,"column":80}}],"line":17}},"s":{"0":1,"1":61,"2":61,"3":61,"4":61,"5":18,"6":3,"7":61,"8":0,"9":0,"10":0,"11":1,"12":10,"13":71,"14":61,"15":1,"16":1,"17":1,"18":1,"19":1,"20":1,"21":1,"22":1,"23":1,"24":1,"25":1},"f":{"0":61,"1":3,"2":0,"3":10},"b":{"0":[1,1,1],"1":[1,0],"2":[61,0],"3":[18,43],"4":[61,61],"5":[43,18],"6":[18,0],"7":[0,0],"8":[1,1,1],"9":[61,10],"10":[71,71]},"inputSourceMap":{"version":3,"file":"/Users/abs/Documents/github/httpuppy/lib/internal/index.js","sources":["/Users/abs/Documents/github/httpuppy/lib/internal/index.js"],"names":[],"mappings":"AAAA,YAAY,CAAC;AACb,IAAI,eAAe,GAAG,CAAC,IAAI,IAAI,IAAI,CAAC,eAAe,CAAC,IAAI,CAAC,MAAM,CAAC,MAAM,CAAC,CAAC,CAAC,CAAC,UAAS,CAAC,EAAE,CAAC,EAAE,CAAC,EAAE,EAAE;IAC1F,IAAI,EAAE,KAAK,SAAS;QAAE,EAAE,GAAG,CAAC,CAAC;IAC7B,IAAI,IAAI,GAAG,MAAM,CAAC,wBAAwB,CAAC,CAAC,EAAE,CAAC,CAAC,CAAC;IACjD,IAAI,CAAC,IAAI,IAAI,CAAC,KAAK,IAAI,IAAI,CAAC,CAAC,CAAC,CAAC,CAAC,CAAC,UAAU,CAAC,CAAC,CAAC,IAAI,CAAC,QAAQ,IAAI,IAAI,CAAC,YAAY,CAAC,EAAE;QACjF,IAAI,GAAG,EAAE,UAAU,EAAE,IAAI,EAAE,GAAG,EAAE,cAAa,OAAO,CAAC,CAAC,CAAC,CAAC,CAAC,CAAC,CAAC,EAAE,CAAC;KAC/D;IACD,MAAM,CAAC,cAAc,CAAC,CAAC,EAAE,EAAE,EAAE,IAAI,CAAC,CAAC;AACvC,CAAC,CAAC,CAAC,CAAC,CAAC,CAAC,UAAS,CAAC,EAAE,CAAC,EAAE,CAAC,EAAE,EAAE;IACtB,IAAI,EAAE,KAAK,SAAS;QAAE,EAAE,GAAG,CAAC,CAAC;IAC7B,CAAC,CAAC,EAAE,CAAC,GAAG,CAAC,CAAC,CAAC,CAAC,CAAC;AACjB,CAAC,CAAC,CAAC,CAAC;AACJ,IAAI,YAAY,GAAG,CAAC,IAAI,IAAI,IAAI,CAAC,YAAY,CAAC,IAAI,UAAS,CAAC,EAAE,OAAO;IACjE,KAAK,IAAI,CAAC,IAAI,CAAC;QAAE,IAAI,CAAC,KAAK,SAAS,IAAI,CAAC,MAAM,CAAC,SAAS,CAAC,cAAc,CAAC,IAAI,CAAC,OAAO,EAAE,CAAC,CAAC;YAAE,eAAe,CAAC,OAAO,EAAE,CAAC,EAAE,CAAC,CAAC,CAAC;AAC9H,CAAC,CAAC;AACF,OAAO,CAAC,UAAU,GAAG,IAAI,CAAC;AAC1B,YAAY,CAAC,OAAO,CAAC,SAAS,CAAC,EAAE,OAAO,CAAC,CAAC;AAC1C,YAAY,CAAC,OAAO,CAAC,aAAa,CAAC,EAAE,OAAO,CAAC,CAAC;AAC9C,YAAY,CAAC,OAAO,CAAC,UAAU,CAAC,EAAE,OAAO,CAAC,CAAC;AAC3C,YAAY,CAAC,OAAO,CAAC,UAAU,CAAC,EAAE,OAAO,CAAC,CAAC;AAC3C,YAAY,CAAC,OAAO,CAAC,QAAQ,CAAC,EAAE,OAAO,CAAC,CAAC;AACzC,YAAY,CAAC,OAAO,CAAC,UAAU,CAAC,EAAE,OAAO,CAAC,CAAC;AAC3C,YAAY,CAAC,OAAO,CAAC,WAAW,CAAC,EAAE,OAAO,CAAC,CAAC;AAC5C,YAAY,CAAC,OAAO,CAAC,OAAO,CAAC,EAAE,OAAO,CAAC,CAAC;AACxC,YAAY,CAAC,OAAO,CAAC,UAAU,CAAC,EAAE,OAAO,CAAC,CAAC;AAC3C,YAAY,CAAC,OAAO,CAAC,eAAe,CAAC,EAAE,OAAO,CAAC,CAAC","sourcesContent":["\"use strict\";\nvar __createBinding = (this && this.__createBinding) || (Object.create ? (function(o, m, k, k2) {\n    if (k2 === undefined) k2 = k;\n    var desc = Object.getOwnPropertyDescriptor(m, k);\n    if (!desc || (\"get\" in desc ? !m.__esModule : desc.writable || desc.configurable)) {\n      desc = { enumerable: true, get: function() { return m[k]; } };\n    }\n    Object.defineProperty(o, k2, desc);\n}) : (function(o, m, k, k2) {\n    if (k2 === undefined) k2 = k;\n    o[k2] = m[k];\n}));\nvar __exportStar = (this && this.__exportStar) || function(m, exports) {\n    for (var p in m) if (p !== \"default\" && !Object.prototype.hasOwnProperty.call(exports, p)) __createBinding(exports, m, p);\n};\nexports.__esModule = true;\n__exportStar(require(\"./error\"), exports);\n__exportStar(require(\"./_shutdown\"), exports);\n__exportStar(require(\"./logger\"), exports);\n__exportStar(require(\"./writer\"), exports);\n__exportStar(require(\"./port\"), exports);\n__exportStar(require(\"./static\"), exports);\n__exportStar(require(\"./include\"), exports);\n__exportStar(require(\"./fmt\"), exports);\n__exportStar(require(\"./config\"), exports);\n__exportStar(require(\"./_middleware\"), exports);\n"]},"_coverageSchema":"1a1c01bbd47fc00a2c39e90264f33305004495a9","hash":"8ceb04195d4a673f0b14cda550cc1a1bff3639fd","contentHash":"10a839ebe3df8d675d2b7bc3d86261dc35e00d9fe3f2e3d52aab4eda12dd75f2"},"/Users/abs/Documents/github/httpuppy/lib/internal/error.js":{"path":"/Users/abs/Documents/github/httpuppy/lib/internal/error.js","statementMap":{"0":{"start":{"line":2,"column":0},"end":{"line":2,"column":26}},"1":{"start":{"line":3,"column":0},"end":{"line":3,"column":24}},"2":{"start":{"line":10,"column":4},"end":{"line":10,"column":46}},"3":{"start":{"line":11,"column":4},"end":{"line":11,"column":35}},"4":{"start":{"line":12,"column":4},"end":{"line":12,"column":11}},"5":{"start":{"line":14,"column":0},"end":{"line":14,"column":24}}},"fnMap":{"0":{"name":"use404","decl":{"start":{"line":9,"column":9},"end":{"line":9,"column":15}},"loc":{"start":{"line":9,"column":21},"end":{"line":13,"column":1}},"line":9}},"branchMap":{},"s":{"0":1,"1":1,"2":0,"3":0,"4":0,"5":1},"f":{"0":0},"b":{},"inputSourceMap":{"version":3,"file":"/Users/abs/Documents/github/httpuppy/lib/internal/error.js","sources":["/Users/abs/Documents/github/httpuppy/lib/internal/error.js"],"names":[],"mappings":"AAAA,YAAY,CAAC;AACb,OAAO,CAAC,UAAU,GAAG,IAAI,CAAC;AAC1B,OAAO,CAAC,MAAM,GAAG,KAAK,CAAC,CAAC;AACxB;;;;GAIG;AACH,SAAS,MAAM,CAAC,GAAG;IACf,GAAG,CAAC,SAAS,CAAC,GAAG,EAAE,qBAAqB,CAAC,CAAC;IAC1C,GAAG,CAAC,GAAG,CAAC,qBAAqB,CAAC,CAAC;IAC/B,OAAO;AACX,CAAC;AACD,OAAO,CAAC,MAAM,GAAG,MAAM,CAAC","sourcesContent":["\"use strict\";\nexports.__esModule = true;\nexports.use404 = void 0;\n/**\n *\n * @param res internal response to be written to\n * @returns nothing\n */\nfunction use404(res) {\n    res.writeHead(404, '404: page not found');\n    res.end('404: page not found');\n    return;\n}\nexports.use404 = use404;\n"]},"_coverageSchema":"1a1c01bbd47fc00a2c39e90264f33305004495a9","hash":"c7e6e054d202200d1924e97bcf541e08d1b2ac50","contentHash":"26d2d1de1c42e7e5f44addcaa830cf2b2a865aed3b507c481758dd4360d29b75"},"/Users/abs/Documents/github/httpuppy/lib/internal/fmt/index.js":{"path":"/Users/abs/Documents/github/httpuppy/lib/internal/fmt/index.js","statementMap":{"0":{"start":{"line":2,"column":22},"end":{"line":14,"column":3}},"1":{"start":{"line":3,"column":4},"end":{"line":4,"column":15}},"2":{"start":{"line":4,"column":8},"end":{"line":4,"column":15}},"3":{"start":{"line":5,"column":15},"end":{"line":5,"column":52}},"4":{"start":{"line":6,"column":4},"end":{"line":8,"column":5}},"5":{"start":{"line":7,"column":8},"end":{"line":7,"column":71}},"6":{"start":{"line":7,"column":54},"end":{"line":7,"column":66}},"7":{"start":{"line":9,"column":4},"end":{"line":9,"column":39}},"8":{"start":{"line":11,"column":4},"end":{"line":12,"column":15}},"9":{"start":{"line":12,"column":8},"end":{"line":12,"column":15}},"10":{"start":{"line":13,"column":4},"end":{"line":13,"column":17}},"11":{"start":{"line":15,"column":19},"end":{"line":19,"column":1}},"12":{"start":{"line":16,"column":4},"end":{"line":18,"column":43}},"13":{"start":{"line":17,"column":8},"end":{"line":18,"column":43}},"14":{"start":{"line":18,"column":12},"end":{"line":18,"column":43}},"15":{"start":{"line":20,"column":0},"end":{"line":20,"column":26}},"16":{"start":{"line":21,"column":0},"end":{"line":21,"column":43}}},"fnMap":{"0":{"name":"(anonymous_0)","decl":{"start":{"line":2,"column":74},"end":{"line":2,"column":75}},"loc":{"start":{"line":2,"column":97},"end":{"line":10,"column":1}},"line":2},"1":{"name":"(anonymous_1)","decl":{"start":{"line":7,"column":40},"end":{"line":7,"column":41}},"loc":{"start":{"line":7,"column":52},"end":{"line":7,"column":68}},"line":7},"2":{"name":"(anonymous_2)","decl":{"start":{"line":10,"column":6},"end":{"line":10,"column":7}},"loc":{"start":{"line":10,"column":29},"end":{"line":14,"column":1}},"line":10},"3":{"name":"(anonymous_3)","decl":{"start":{"line":15,"column":50},"end":{"line":15,"column":51}},"loc":{"start":{"line":15,"column":72},"end":{"line":19,"column":1}},"line":15}},"branchMap":{"0":{"loc":{"start":{"line":2,"column":22},"end":{"line":14,"column":3}},"type":"binary-expr","locations":[{"start":{"line":2,"column":23},"end":{"line":2,"column":27}},{"start":{"line":2,"column":31},"end":{"line":2,"column":51}},{"start":{"line":2,"column":57},"end":{"line":14,"column":2}}],"line":2},"1":{"loc":{"start":{"line":2,"column":57},"end":{"line":14,"column":2}},"type":"cond-expr","locations":[{"start":{"line":2,"column":74},"end":{"line":10,"column":1}},{"start":{"line":10,"column":6},"end":{"line":14,"column":1}}],"line":2},"2":{"loc":{"start":{"line":3,"column":4},"end":{"line":4,"column":15}},"type":"if","locations":[{"start":{"line":3,"column":4},"end":{"line":4,"column":15}},{"start":{"line":3,"column":4},"end":{"line":4,"column":15}}],"line":3},"3":{"loc":{"start":{"line":6,"column":4},"end":{"line":8,"column":5}},"type":"if","locations":[{"start":{"line":6,"column":4},"end":{"line":8,"column":5}},{"start":{"line":6,"column":4},"end":{"line":8,"column":5}}],"line":6},"4":{"loc":{"start":{"line":6,"column":8},"end":{"line":6,"column":85}},"type":"binary-expr","locations":[{"start":{"line":6,"column":8},"end":{"line":6,"column":13}},{"start":{"line":6,"column":18},"end":{"line":6,"column":84}}],"line":6},"5":{"loc":{"start":{"line":6,"column":18},"end":{"line":6,"column":84}},"type":"cond-expr","locations":[{"start":{"line":6,"column":34},"end":{"line":6,"column":47}},{"start":{"line":6,"column":50},"end":{"line":6,"column":84}}],"line":6},"6":{"loc":{"start":{"line":6,"column":50},"end":{"line":6,"column":84}},"type":"binary-expr","locations":[{"start":{"line":6,"column":50},"end":{"line":6,"column":63}},{"start":{"line":6,"column":67},"end":{"line":6,"column":84}}],"line":6},"7":{"loc":{"start":{"line":11,"column":4},"end":{"line":12,"column":15}},"type":"if","locations":[{"start":{"line":11,"column":4},"end":{"line":12,"column":15}},{"start":{"line":11,"column":4},"end":{"line":12,"column":15}}],"line":11},"8":{"loc":{"start":{"line":15,"column":19},"end":{"line":19,"column":1}},"type":"binary-expr","locations":[{"start":{"line":15,"column":20},"end":{"line":15,"column":24}},{"start":{"line":15,"column":28},"end":{"line":15,"column":45}},{"start":{"line":15,"column":50},"end":{"line":19,"column":1}}],"line":15},"9":{"loc":{"start":{"line":17,"column":8},"end":{"line":18,"column":43}},"type":"if","locations":[{"start":{"line":17,"column":8},"end":{"line":18,"column":43}},{"start":{"line":17,"column":8},"end":{"line":18,"column":43}}],"line":17},"10":{"loc":{"start":{"line":17,"column":12},"end":{"line":17,"column":80}},"type":"binary-expr","locations":[{"start":{"line":17,"column":12},"end":{"line":17,"column":27}},{"start":{"line":17,"column":31},"end":{"line":17,"column":80}}],"line":17}},"s":{"0":1,"1":1,"2":1,"3":1,"4":1,"5":1,"6":0,"7":1,"8":0,"9":0,"10":0,"11":1,"12":1,"13":2,"14":1,"15":1,"16":1},"f":{"0":1,"1":0,"2":0,"3":1},"b":{"0":[1,1,1],"1":[1,0],"2":[1,0],"3":[1,0],"4":[1,1],"5":[0,1],"6":[1,0],"7":[0,0],"8":[1,1,1],"9":[1,1],"10":[2,2]},"inputSourceMap":{"version":3,"file":"/Users/abs/Documents/github/httpuppy/lib/internal/fmt/index.js","sources":["/Users/abs/Documents/github/httpuppy/lib/internal/fmt/index.js"],"names":[],"mappings":"AAAA,YAAY,CAAC;AACb,IAAI,eAAe,GAAG,CAAC,IAAI,IAAI,IAAI,CAAC,eAAe,CAAC,IAAI,CAAC,MAAM,CAAC,MAAM,CAAC,CAAC,CAAC,CAAC,UAAS,CAAC,EAAE,CAAC,EAAE,CAAC,EAAE,EAAE;IAC1F,IAAI,EAAE,KAAK,SAAS;QAAE,EAAE,GAAG,CAAC,CAAC;IAC7B,IAAI,IAAI,GAAG,MAAM,CAAC,wBAAwB,CAAC,CAAC,EAAE,CAAC,CAAC,CAAC;IACjD,IAAI,CAAC,IAAI,IAAI,CAAC,KAAK,IAAI,IAAI,CAAC,CAAC,CAAC,CAAC,CAAC,CAAC,UAAU,CAAC,CAAC,CAAC,IAAI,CAAC,QAAQ,IAAI,IAAI,CAAC,YAAY,CAAC,EAAE;QACjF,IAAI,GAAG,EAAE,UAAU,EAAE,IAAI,EAAE,GAAG,EAAE,cAAa,OAAO,CAAC,CAAC,CAAC,CAAC,CAAC,CAAC,CAAC,EAAE,CAAC;KAC/D;IACD,MAAM,CAAC,cAAc,CAAC,CAAC,EAAE,EAAE,EAAE,IAAI,CAAC,CAAC;AACvC,CAAC,CAAC,CAAC,CAAC,CAAC,CAAC,UAAS,CAAC,EAAE,CAAC,EAAE,CAAC,EAAE,EAAE;IACtB,IAAI,EAAE,KAAK,SAAS;QAAE,EAAE,GAAG,CAAC,CAAC;IAC7B,CAAC,CAAC,EAAE,CAAC,GAAG,CAAC,CAAC,CAAC,CAAC,CAAC;AACjB,CAAC,CAAC,CAAC,CAAC;AACJ,IAAI,YAAY,GAAG,CAAC,IAAI,IAAI,IAAI,CAAC,YAAY,CAAC,IAAI,UAAS,CAAC,EAAE,OAAO;IACjE,KAAK,IAAI,CAAC,IAAI,CAAC;QAAE,IAAI,CAAC,KAAK,SAAS,IAAI,CAAC,MAAM,CAAC,SAAS,CAAC,cAAc,CAAC,IAAI,CAAC,OAAO,EAAE,CAAC,CAAC;YAAE,eAAe,CAAC,OAAO,EAAE,CAAC,EAAE,CAAC,CAAC,CAAC;AAC9H,CAAC,CAAC;AACF,OAAO,CAAC,UAAU,GAAG,IAAI,CAAC;AAC1B,YAAY,CAAC,OAAO,CAAC,UAAU,CAAC,EAAE,OAAO,CAAC,CAAC","sourcesContent":["\"use strict\";\nvar __createBinding = (this && this.__createBinding) || (Object.create ? (function(o, m, k, k2) {\n    if (k2 === undefined) k2 = k;\n    var desc = Object.getOwnPropertyDescriptor(m, k);\n    if (!desc || (\"get\" in desc ? !m.__esModule : desc.writable || desc.configurable)) {\n      desc = { enumerable: true, get: function() { return m[k]; } };\n    }\n    Object.defineProperty(o, k2, desc);\n}) : (function(o, m, k, k2) {\n    if (k2 === undefined) k2 = k;\n    o[k2] = m[k];\n}));\nvar __exportStar = (this && this.__exportStar) || function(m, exports) {\n    for (var p in m) if (p !== \"default\" && !Object.prototype.hasOwnProperty.call(exports, p)) __createBinding(exports, m, p);\n};\nexports.__esModule = true;\n__exportStar(require(\"./_color\"), exports);\n"]},"_coverageSchema":"1a1c01bbd47fc00a2c39e90264f33305004495a9","hash":"06e222ba2186f7735e0c3e022eef40b556a3a066","contentHash":"7c617714159d68f83f55b1a566ee7b0ba8efef0b29ed57a49190dd012d90cc2e"},"/Users/abs/Documents/github/httpuppy/lib/router.js":{"path":"/Users/abs/Documents/github/httpuppy/lib/router.js","statementMap":{"0":{"start":{"line":2,"column":0},"end":{"line":2,"column":26}},"1":{"start":{"line":3,"column":0},"end":{"line":3,"column":27}},"2":{"start":{"line":4,"column":17},"end":{"line":4,"column":38}},"3":{"start":{"line":22,"column":8},"end":{"line":22,"column":63}},"4":{"start":{"line":25,"column":8},"end":{"line":25,"column":64}},"5":{"start":{"line":28,"column":8},"end":{"line":28,"column":64}},"6":{"start":{"line":31,"column":8},"end":{"line":31,"column":63}},"7":{"start":{"line":34,"column":8},"end":{"line":34,"column":65}},"8":{"start":{"line":37,"column":8},"end":{"line":37,"column":66}},"9":{"start":{"line":39,"column":4},"end":{"line":46,"column":6}},"10":{"start":{"line":48,"column":0},"end":{"line":48,"column":30}}},"fnMap":{"0":{"name":"useRouter","decl":{"start":{"line":16,"column":9},"end":{"line":16,"column":18}},"loc":{"start":{"line":18,"column":2},"end":{"line":47,"column":1}},"line":18},"1":{"name":"get","decl":{"start":{"line":21,"column":13},"end":{"line":21,"column":16}},"loc":{"start":{"line":21,"column":26},"end":{"line":23,"column":5}},"line":21},"2":{"name":"post","decl":{"start":{"line":24,"column":13},"end":{"line":24,"column":17}},"loc":{"start":{"line":24,"column":27},"end":{"line":26,"column":5}},"line":24},"3":{"name":"head","decl":{"start":{"line":27,"column":13},"end":{"line":27,"column":17}},"loc":{"start":{"line":27,"column":27},"end":{"line":29,"column":5}},"line":27},"4":{"name":"put","decl":{"start":{"line":30,"column":13},"end":{"line":30,"column":16}},"loc":{"start":{"line":30,"column":26},"end":{"line":32,"column":5}},"line":30},"5":{"name":"patch","decl":{"start":{"line":33,"column":13},"end":{"line":33,"column":18}},"loc":{"start":{"line":33,"column":28},"end":{"line":35,"column":5}},"line":33},"6":{"name":"_delete","decl":{"start":{"line":36,"column":13},"end":{"line":36,"column":20}},"loc":{"start":{"line":36,"column":30},"end":{"line":38,"column":5}},"line":36}},"branchMap":{},"s":{"0":1,"1":1,"2":1,"3":1,"4":0,"5":0,"6":0,"7":0,"8":0,"9":2,"10":1},"f":{"0":2,"1":1,"2":0,"3":0,"4":0,"5":0,"6":0},"b":{},"inputSourceMap":{"version":3,"file":"/Users/abs/Documents/github/httpuppy/lib/router.js","sources":["/Users/abs/Documents/github/httpuppy/lib/router.js"],"names":[],"mappings":"AAAA,YAAY,CAAC;AACb,OAAO,CAAC,UAAU,GAAG,IAAI,CAAC;AAC1B,OAAO,CAAC,SAAS,GAAG,KAAK,CAAC,CAAC;AAC3B,IAAI,UAAU,GAAG,OAAO,CAAC,YAAY,CAAC,CAAC;AACvC;;;;;;;;;;GAUG;AACH,SAAS,SAAS,CAAC,MAAM,EAAE,8CAA8C;AACzE,aAAa,CAAC,+BAA+B;;IAEzC,0BAA0B;IAC1B,iEAAiE;IACjE,SAAS,GAAG,CAAC,GAAG,EAAE,EAAE;QAChB,CAAC,CAAC,EAAE,UAAU,CAAC,cAAc,CAAC,CAAC,KAAK,EAAE,GAAG,EAAE,MAAM,EAAE,EAAE,CAAC,CAAC;IAC3D,CAAC;IACD,SAAS,IAAI,CAAC,GAAG,EAAE,EAAE;QACjB,CAAC,CAAC,EAAE,UAAU,CAAC,cAAc,CAAC,CAAC,MAAM,EAAE,GAAG,EAAE,MAAM,EAAE,EAAE,CAAC,CAAC;IAC5D,CAAC;IACD,SAAS,IAAI,CAAC,GAAG,EAAE,EAAE;QACjB,CAAC,CAAC,EAAE,UAAU,CAAC,cAAc,CAAC,CAAC,MAAM,EAAE,GAAG,EAAE,MAAM,EAAE,EAAE,CAAC,CAAC;IAC5D,CAAC;IACD,SAAS,GAAG,CAAC,GAAG,EAAE,EAAE;QAChB,CAAC,CAAC,EAAE,UAAU,CAAC,cAAc,CAAC,CAAC,KAAK,EAAE,GAAG,EAAE,MAAM,EAAE,EAAE,CAAC,CAAC;IAC3D,CAAC;IACD,SAAS,KAAK,CAAC,GAAG,EAAE,EAAE;QAClB,CAAC,CAAC,EAAE,UAAU,CAAC,cAAc,CAAC,CAAC,OAAO,EAAE,GAAG,EAAE,MAAM,EAAE,EAAE,CAAC,CAAC;IAC7D,CAAC;IACD,SAAS,OAAO,CAAC,GAAG,EAAE,EAAE;QACpB,CAAC,CAAC,EAAE,UAAU,CAAC,cAAc,CAAC,CAAC,QAAQ,EAAE,GAAG,EAAE,MAAM,EAAE,EAAE,CAAC,CAAC;IAC9D,CAAC;IACD,OAAO;QACH,GAAG,EAAE,GAAG;QACR,IAAI,EAAE,IAAI;QACV,IAAI,EAAE,IAAI;QACV,GAAG,EAAE,GAAG;QACR,KAAK,EAAE,KAAK;QACZ,QAAQ,EAAE,OAAO;KACpB,CAAC;AACN,CAAC;AACD,OAAO,CAAC,SAAS,GAAG,SAAS,CAAC","sourcesContent":["\"use strict\";\nexports.__esModule = true;\nexports.useRouter = void 0;\nvar internal_1 = require(\"./internal\");\n/**\n * @function useRouter\n * @example\n * ```javascript\n* const app = useServer({...});\n* const router = useRouter(app);\n* router.get('/test', (req, res) => res.end('hello'));\n* ```\n * @param attachTo\n * @returns\n */\nfunction useRouter(server, // server to attach the router to as a handler\nrouterOptions // placeholder: planned feature\n) {\n    // router callback choices\n    // todo: setup glob handler functionality if config option is set\n    function get(url, cb) {\n        (0, internal_1._useHTTPHandle)('GET', url, server, cb);\n    }\n    function post(url, cb) {\n        (0, internal_1._useHTTPHandle)('POST', url, server, cb);\n    }\n    function head(url, cb) {\n        (0, internal_1._useHTTPHandle)('HEAD', url, server, cb);\n    }\n    function put(url, cb) {\n        (0, internal_1._useHTTPHandle)('PUT', url, server, cb);\n    }\n    function patch(url, cb) {\n        (0, internal_1._useHTTPHandle)('PATCH', url, server, cb);\n    }\n    function _delete(url, cb) {\n        (0, internal_1._useHTTPHandle)('DELETE', url, server, cb);\n    }\n    return {\n        get: get,\n        head: head,\n        post: post,\n        put: put,\n        patch: patch,\n        \"delete\": _delete\n    };\n}\nexports.useRouter = useRouter;\n"]},"_coverageSchema":"1a1c01bbd47fc00a2c39e90264f33305004495a9","hash":"1161a330f896873434f77a0ca2f3678183832b0e","contentHash":"8bf3537c32668fb54e3b4bf4094819d4c15560e21de1b08d6d59eb5ff8f560d7"}}